{"C:\\Users\\enoma\\Desktop\\opencode-work\\agent-works\\ai-job-scraper\\mobile\\src\\components\\FilterSheet.tsx": {"path":"C:\\Users\\enoma\\Desktop\\opencode-work\\agent-works\\ai-job-scraper\\mobile\\src\\components\\FilterSheet.tsx","statementMap":{"0":{"start":{"line":20,"column":56},"end":{"line":28,"column":1}},"1":{"start":{"line":31,"column":16},"end":{"line":31,"column":26}},"2":{"start":{"line":32,"column":59},"end":{"line":32,"column":72}},"3":{"start":{"line":34,"column":2},"end":{"line":133,"column":4}},"4":{"start":{"line":55,"column":14},"end":{"line":68,"column":21}},"5":{"start":{"line":59,"column":36},"end":{"line":61,"column":55}},"6":{"start":{"line":60,"column":51},"end":{"line":60,"column":69}},"7":{"start":{"line":62,"column":18},"end":{"line":62,"column":52}},"8":{"start":{"line":75,"column":14},"end":{"line":88,"column":21}},"9":{"start":{"line":79,"column":39},"end":{"line":81,"column":56}},"10":{"start":{"line":80,"column":55},"end":{"line":80,"column":72}},"11":{"start":{"line":82,"column":18},"end":{"line":82,"column":58}},"12":{"start":{"line":97,"column":16},"end":{"line":99,"column":18}},"13":{"start":{"line":111,"column":16},"end":{"line":113,"column":18}},"14":{"start":{"line":136,"column":15},"end":{"line":169,"column":2}}},"fnMap":{"0":{"name":"FilterSheet","decl":{"start":{"line":30,"column":24},"end":{"line":30,"column":35}},"loc":{"start":{"line":30,"column":67},"end":{"line":134,"column":1}},"line":30},"1":{"name":"(anonymous_1)","decl":{"start":{"line":54,"column":26},"end":{"line":54,"column":27}},"loc":{"start":{"line":55,"column":14},"end":{"line":68,"column":21}},"line":55},"2":{"name":"(anonymous_2)","decl":{"start":{"line":58,"column":25},"end":{"line":58,"column":26}},"loc":{"start":{"line":58,"column":31},"end":{"line":63,"column":17}},"line":58},"3":{"name":"(anonymous_3)","decl":{"start":{"line":60,"column":44},"end":{"line":60,"column":45}},"loc":{"start":{"line":60,"column":51},"end":{"line":60,"column":69}},"line":60},"4":{"name":"(anonymous_4)","decl":{"start":{"line":74,"column":27},"end":{"line":74,"column":28}},"loc":{"start":{"line":75,"column":14},"end":{"line":88,"column":21}},"line":75},"5":{"name":"(anonymous_5)","decl":{"start":{"line":78,"column":25},"end":{"line":78,"column":26}},"loc":{"start":{"line":78,"column":31},"end":{"line":83,"column":17}},"line":78},"6":{"name":"(anonymous_6)","decl":{"start":{"line":80,"column":47},"end":{"line":80,"column":48}},"loc":{"start":{"line":80,"column":55},"end":{"line":80,"column":72}},"line":80},"7":{"name":"(anonymous_7)","decl":{"start":{"line":96,"column":23},"end":{"line":96,"column":24}},"loc":{"start":{"line":97,"column":16},"end":{"line":99,"column":18}},"line":97},"8":{"name":"(anonymous_8)","decl":{"start":{"line":110,"column":23},"end":{"line":110,"column":24}},"loc":{"start":{"line":111,"column":16},"end":{"line":113,"column":18}},"line":111}},"branchMap":{"0":{"loc":{"start":{"line":59,"column":36},"end":{"line":61,"column":55}},"type":"cond-expr","locations":[{"start":{"line":60,"column":22},"end":{"line":60,"column":70}},{"start":{"line":61,"column":22},"end":{"line":61,"column":55}}],"line":59},"1":{"loc":{"start":{"line":79,"column":39},"end":{"line":81,"column":56}},"type":"cond-expr","locations":[{"start":{"line":80,"column":22},"end":{"line":80,"column":73}},{"start":{"line":81,"column":22},"end":{"line":81,"column":56}}],"line":79},"2":{"loc":{"start":{"line":98,"column":30},"end":{"line":98,"column":71}},"type":"cond-expr","locations":[{"start":{"line":98,"column":60},"end":{"line":98,"column":64}},{"start":{"line":98,"column":67},"end":{"line":98,"column":71}}],"line":98},"3":{"loc":{"start":{"line":112,"column":33},"end":{"line":112,"column":77}},"type":"cond-expr","locations":[{"start":{"line":112,"column":66},"end":{"line":112,"column":70}},{"start":{"line":112,"column":73},"end":{"line":112,"column":77}}],"line":112}},"s":{"0":0,"1":0,"2":0,"3":0,"4":0,"5":0,"6":0,"7":0,"8":0,"9":0,"10":0,"11":0,"12":0,"13":0,"14":0},"f":{"0":0,"1":0,"2":0,"3":0,"4":0,"5":0,"6":0,"7":0,"8":0},"b":{"0":[0,0],"1":[0,0],"2":[0,0],"3":[0,0]}}
,"C:\\Users\\enoma\\Desktop\\opencode-work\\agent-works\\ai-job-scraper\\mobile\\src\\components\\JobCard.tsx": {"path":"C:\\Users\\enoma\\Desktop\\opencode-work\\agent-works\\ai-job-scraper\\mobile\\src\\components\\JobCard.tsx","statementMap":{"0":{"start":{"line":12,"column":16},"end":{"line":12,"column":26}},"1":{"start":{"line":14,"column":76},"end":{"line":22,"column":3}},"2":{"start":{"line":24,"column":54},"end":{"line":32,"column":3}},"3":{"start":{"line":34,"column":2},"end":{"line":117,"column":4}},"4":{"start":{"line":53,"column":16},"end":{"line":53,"column":36}},"5":{"start":{"line":120,"column":15},"end":{"line":175,"column":2}}},"fnMap":{"0":{"name":"JobCard","decl":{"start":{"line":11,"column":24},"end":{"line":11,"column":31}},"loc":{"start":{"line":11,"column":57},"end":{"line":118,"column":1}},"line":11},"1":{"name":"(anonymous_1)","decl":{"start":{"line":52,"column":23},"end":{"line":52,"column":24}},"loc":{"start":{"line":52,"column":30},"end":{"line":54,"column":15}},"line":52}},"branchMap":{"0":{"loc":{"start":{"line":49,"column":20},"end":{"line":49,"column":62}},"type":"cond-expr","locations":[{"start":{"line":49,"column":37},"end":{"line":49,"column":44}},{"start":{"line":49,"column":47},"end":{"line":49,"column":62}}],"line":49},"1":{"loc":{"start":{"line":51,"column":25},"end":{"line":51,"column":92}},"type":"cond-expr","locations":[{"start":{"line":51,"column":42},"end":{"line":51,"column":60}},{"start":{"line":51,"column":63},"end":{"line":51,"column":92}}],"line":51},"2":{"loc":{"start":{"line":60,"column":13},"end":{"line":64,"column":13}},"type":"binary-expr","locations":[{"start":{"line":60,"column":13},"end":{"line":60,"column":25}},{"start":{"line":61,"column":14},"end":{"line":63,"column":21}}],"line":60},"3":{"loc":{"start":{"line":65,"column":13},"end":{"line":69,"column":13}},"type":"binary-expr","locations":[{"start":{"line":65,"column":13},"end":{"line":65,"column":23}},{"start":{"line":66,"column":14},"end":{"line":68,"column":21}}],"line":65},"4":{"loc":{"start":{"line":67,"column":20},"end":{"line":67,"column":59}},"type":"binary-expr","locations":[{"start":{"line":67,"column":20},"end":{"line":67,"column":52}},{"start":{"line":67,"column":56},"end":{"line":67,"column":59}}],"line":67},"5":{"loc":{"start":{"line":67,"column":64},"end":{"line":67,"column":103}},"type":"binary-expr","locations":[{"start":{"line":67,"column":64},"end":{"line":67,"column":96}},{"start":{"line":67,"column":100},"end":{"line":67,"column":103}}],"line":67},"6":{"loc":{"start":{"line":84,"column":13},"end":{"line":108,"column":13}},"type":"binary-expr","locations":[{"start":{"line":84,"column":13},"end":{"line":84,"column":38}},{"start":{"line":85,"column":14},"end":{"line":107,"column":21}}],"line":84},"7":{"loc":{"start":{"line":88,"column":35},"end":{"line":92,"column":31}},"type":"cond-expr","locations":[{"start":{"line":89,"column":22},"end":{"line":89,"column":31}},{"start":{"line":90,"column":22},"end":{"line":92,"column":31}}],"line":88},"8":{"loc":{"start":{"line":90,"column":22},"end":{"line":92,"column":31}},"type":"cond-expr","locations":[{"start":{"line":91,"column":22},"end":{"line":91,"column":31}},{"start":{"line":92,"column":22},"end":{"line":92,"column":31}}],"line":90},"9":{"loc":{"start":{"line":98,"column":27},"end":{"line":102,"column":33}},"type":"cond-expr","locations":[{"start":{"line":99,"column":24},"end":{"line":99,"column":33}},{"start":{"line":100,"column":24},"end":{"line":102,"column":33}}],"line":98},"10":{"loc":{"start":{"line":100,"column":24},"end":{"line":102,"column":33}},"type":"cond-expr","locations":[{"start":{"line":101,"column":24},"end":{"line":101,"column":33}},{"start":{"line":102,"column":24},"end":{"line":102,"column":33}}],"line":100}},"s":{"0":6,"1":6,"2":6,"3":6,"4":0,"5":1},"f":{"0":6,"1":0},"b":{"0":[1,5],"1":[1,5],"2":[6,6],"3":[6,5],"4":[5,0],"5":[5,0],"6":[6,6],"7":[6,0],"8":[0,0],"9":[6,0],"10":[0,0]},"_coverageSchema":"1a1c01bbd47fc00a2c39e90264f33305004495a9","hash":"c200cbaf1c9ec01585e8df23b68bdc449fb94385"}
,"C:\\Users\\enoma\\Desktop\\opencode-work\\agent-works\\ai-job-scraper\\mobile\\src\\navigation\\index.tsx": {"path":"C:\\Users\\enoma\\Desktop\\opencode-work\\agent-works\\ai-job-scraper\\mobile\\src\\navigation\\index.tsx","statementMap":{"0":{"start":{"line":28,"column":14},"end":{"line":28,"column":62}},"1":{"start":{"line":29,"column":12},"end":{"line":29,"column":56}},"2":{"start":{"line":32,"column":16},"end":{"line":32,"column":26}},"3":{"start":{"line":34,"column":2},"end":{"line":94,"column":4}},"4":{"start":{"line":59,"column":12},"end":{"line":59,"column":71}},"5":{"start":{"line":69,"column":12},"end":{"line":69,"column":77}},"6":{"start":{"line":79,"column":12},"end":{"line":79,"column":63}},"7":{"start":{"line":89,"column":12},"end":{"line":89,"column":65}},"8":{"start":{"line":98,"column":2},"end":{"line":126,"column":4}}},"fnMap":{"0":{"name":"MainTabs","decl":{"start":{"line":31,"column":9},"end":{"line":31,"column":17}},"loc":{"start":{"line":31,"column":20},"end":{"line":95,"column":1}},"line":31},"1":{"name":"(anonymous_1)","decl":{"start":{"line":58,"column":22},"end":{"line":58,"column":23}},"loc":{"start":{"line":59,"column":12},"end":{"line":59,"column":71}},"line":59},"2":{"name":"(anonymous_2)","decl":{"start":{"line":68,"column":22},"end":{"line":68,"column":23}},"loc":{"start":{"line":69,"column":12},"end":{"line":69,"column":77}},"line":69},"3":{"name":"(anonymous_3)","decl":{"start":{"line":78,"column":22},"end":{"line":78,"column":23}},"loc":{"start":{"line":79,"column":12},"end":{"line":79,"column":63}},"line":79},"4":{"name":"(anonymous_4)","decl":{"start":{"line":88,"column":22},"end":{"line":88,"column":23}},"loc":{"start":{"line":89,"column":12},"end":{"line":89,"column":65}},"line":89},"5":{"name":"AppNavigator","decl":{"start":{"line":97,"column":24},"end":{"line":97,"column":36}},"loc":{"start":{"line":97,"column":39},"end":{"line":127,"column":1}},"line":97}},"branchMap":{},"s":{"0":0,"1":0,"2":0,"3":0,"4":0,"5":0,"6":0,"7":0,"8":0},"f":{"0":0,"1":0,"2":0,"3":0,"4":0,"5":0},"b":{}}
,"C:\\Users\\enoma\\Desktop\\opencode-work\\agent-works\\ai-job-scraper\\mobile\\src\\screens\\AnalyticsScreen.tsx": {"path":"C:\\Users\\enoma\\Desktop\\opencode-work\\agent-works\\ai-job-scraper\\mobile\\src\\screens\\AnalyticsScreen.tsx","statementMap":{"0":{"start":{"line":15,"column":20},"end":{"line":15,"column":50}},"1":{"start":{"line":18,"column":16},"end":{"line":18,"column":26}},"2":{"start":{"line":19,"column":28},"end":{"line":26,"column":17}},"3":{"start":{"line":28,"column":32},"end":{"line":28,"column":52}},"4":{"start":{"line":30,"column":2},"end":{"line":32,"column":9}},"5":{"start":{"line":31,"column":4},"end":{"line":31,"column":16}},"6":{"start":{"line":34,"column":20},"end":{"line":44,"column":3}},"7":{"start":{"line":35,"column":4},"end":{"line":43,"column":5}},"8":{"start":{"line":36,"column":19},"end":{"line":36,"column":38}},"9":{"start":{"line":37,"column":19},"end":{"line":37,"column":40}},"10":{"start":{"line":38,"column":6},"end":{"line":38,"column":21}},"11":{"start":{"line":40,"column":6},"end":{"line":40,"column":52}},"12":{"start":{"line":42,"column":6},"end":{"line":42,"column":24}},"13":{"start":{"line":46,"column":2},"end":{"line":52,"column":3}},"14":{"start":{"line":47,"column":4},"end":{"line":51,"column":6}},"15":{"start":{"line":54,"column":2},"end":{"line":62,"column":3}},"16":{"start":{"line":55,"column":4},"end":{"line":61,"column":6}},"17":{"start":{"line":64,"column":18},"end":{"line":89,"column":41}},"18":{"start":{"line":89,"column":21},"end":{"line":89,"column":40}},"19":{"start":{"line":91,"column":22},"end":{"line":106,"column":3}},"20":{"start":{"line":96,"column":17},"end":{"line":96,"column":37}},"21":{"start":{"line":97,"column":22},"end":{"line":97,"column":44}},"22":{"start":{"line":108,"column":2},"end":{"line":170,"column":4}},"23":{"start":{"line":175,"column":15},"end":{"line":207,"column":2}}},"fnMap":{"0":{"name":"AnalyticsScreen","decl":{"start":{"line":17,"column":24},"end":{"line":17,"column":39}},"loc":{"start":{"line":17,"column":42},"end":{"line":171,"column":1}},"line":17},"1":{"name":"(anonymous_1)","decl":{"start":{"line":30,"column":18},"end":{"line":30,"column":19}},"loc":{"start":{"line":30,"column":24},"end":{"line":32,"column":3}},"line":30},"2":{"name":"(anonymous_2)","decl":{"start":{"line":34,"column":20},"end":{"line":34,"column":21}},"loc":{"start":{"line":34,"column":32},"end":{"line":44,"column":3}},"line":34},"3":{"name":"(anonymous_3)","decl":{"start":{"line":89,"column":11},"end":{"line":89,"column":12}},"loc":{"start":{"line":89,"column":21},"end":{"line":89,"column":40}},"line":89},"4":{"name":"(anonymous_4)","decl":{"start":{"line":96,"column":11},"end":{"line":96,"column":12}},"loc":{"start":{"line":96,"column":17},"end":{"line":96,"column":37}},"line":96},"5":{"name":"(anonymous_5)","decl":{"start":{"line":97,"column":16},"end":{"line":97,"column":17}},"loc":{"start":{"line":97,"column":22},"end":{"line":97,"column":44}},"line":97}},"branchMap":{"0":{"loc":{"start":{"line":46,"column":2},"end":{"line":52,"column":3}},"type":"if","locations":[{"start":{"line":46,"column":2},"end":{"line":52,"column":3}},{"start":{},"end":{}}],"line":46},"1":{"loc":{"start":{"line":54,"column":2},"end":{"line":62,"column":3}},"type":"if","locations":[{"start":{"line":54,"column":2},"end":{"line":62,"column":3}},{"start":{},"end":{}}],"line":54},"2":{"loc":{"start":{"line":54,"column":6},"end":{"line":54,"column":33}},"type":"binary-expr","locations":[{"start":{"line":54,"column":6},"end":{"line":54,"column":12}},{"start":{"line":54,"column":16},"end":{"line":54,"column":33}}],"line":54},"3":{"loc":{"start":{"line":152,"column":7},"end":{"line":168,"column":7}},"type":"binary-expr","locations":[{"start":{"line":152,"column":7},"end":{"line":152,"column":25}},{"start":{"line":153,"column":8},"end":{"line":167,"column":15}}],"line":152}},"s":{"0":0,"1":0,"2":0,"3":0,"4":0,"5":0,"6":0,"7":0,"8":0,"9":0,"10":0,"11":0,"12":0,"13":0,"14":0,"15":0,"16":0,"17":0,"18":0,"19":0,"20":0,"21":0,"22":0,"23":0},"f":{"0":0,"1":0,"2":0,"3":0,"4":0,"5":0},"b":{"0":[0,0],"1":[0,0],"2":[0,0],"3":[0,0]}}
,"C:\\Users\\enoma\\Desktop\\opencode-work\\agent-works\\ai-job-scraper\\mobile\\src\\screens\\CompaniesScreen.tsx": {"path":"C:\\Users\\enoma\\Desktop\\opencode-work\\agent-works\\ai-job-scraper\\mobile\\src\\screens\\CompaniesScreen.tsx","statementMap":{"0":{"start":{"line":19,"column":16},"end":{"line":19,"column":26}},"1":{"start":{"line":20,"column":38},"end":{"line":20,"column":59}},"2":{"start":{"line":21,"column":44},"end":{"line":21,"column":65}},"3":{"start":{"line":23,"column":63},"end":{"line":23,"column":76}},"4":{"start":{"line":25,"column":24},"end":{"line":36,"column":34}},"5":{"start":{"line":26,"column":4},"end":{"line":26,"column":23}},"6":{"start":{"line":27,"column":4},"end":{"line":35,"column":5}},"7":{"start":{"line":28,"column":19},"end":{"line":28,"column":42}},"8":{"start":{"line":29,"column":19},"end":{"line":29,"column":38}},"9":{"start":{"line":30,"column":6},"end":{"line":30,"column":25}},"10":{"start":{"line":32,"column":6},"end":{"line":32,"column":56}},"11":{"start":{"line":34,"column":6},"end":{"line":34,"column":26}},"12":{"start":{"line":38,"column":2},"end":{"line":40,"column":22}},"13":{"start":{"line":39,"column":4},"end":{"line":39,"column":20}},"14":{"start":{"line":42,"column":20},"end":{"line":46,"column":21}},"15":{"start":{"line":43,"column":4},"end":{"line":43,"column":24}},"16":{"start":{"line":44,"column":4},"end":{"line":44,"column":26}},"17":{"start":{"line":45,"column":4},"end":{"line":45,"column":25}},"18":{"start":{"line":48,"column":24},"end":{"line":79,"column":13}},"19":{"start":{"line":49,"column":4},"end":{"line":78,"column":11}},"20":{"start":{"line":54,"column":10},"end":{"line":59,"column":12}},"21":{"start":{"line":62,"column":10},"end":{"line":68,"column":17}},"22":{"start":{"line":81,"column":2},"end":{"line":117,"column":4}},"23":{"start":{"line":101,"column":34},"end":{"line":101,"column":52}},"24":{"start":{"line":113,"column":23},"end":{"line":113,"column":45}},"25":{"start":{"line":122,"column":15},"end":{"line":163,"column":2}}},"fnMap":{"0":{"name":"CompaniesScreen","decl":{"start":{"line":18,"column":24},"end":{"line":18,"column":39}},"loc":{"start":{"line":18,"column":42},"end":{"line":118,"column":1}},"line":18},"1":{"name":"(anonymous_1)","decl":{"start":{"line":25,"column":36},"end":{"line":25,"column":37}},"loc":{"start":{"line":25,"column":48},"end":{"line":36,"column":3}},"line":25},"2":{"name":"(anonymous_2)","decl":{"start":{"line":38,"column":12},"end":{"line":38,"column":13}},"loc":{"start":{"line":38,"column":18},"end":{"line":40,"column":3}},"line":38},"3":{"name":"(anonymous_3)","decl":{"start":{"line":42,"column":32},"end":{"line":42,"column":33}},"loc":{"start":{"line":42,"column":44},"end":{"line":46,"column":3}},"line":42},"4":{"name":"(anonymous_4)","decl":{"start":{"line":48,"column":36},"end":{"line":48,"column":37}},"loc":{"start":{"line":49,"column":4},"end":{"line":78,"column":11}},"line":49},"5":{"name":"(anonymous_5)","decl":{"start":{"line":53,"column":14},"end":{"line":53,"column":15}},"loc":{"start":{"line":54,"column":10},"end":{"line":59,"column":12}},"line":54},"6":{"name":"(anonymous_6)","decl":{"start":{"line":61,"column":15},"end":{"line":61,"column":16}},"loc":{"start":{"line":62,"column":10},"end":{"line":68,"column":17}},"line":62},"7":{"name":"(anonymous_7)","decl":{"start":{"line":101,"column":24},"end":{"line":101,"column":25}},"loc":{"start":{"line":101,"column":34},"end":{"line":101,"column":52}},"line":101},"8":{"name":"(anonymous_8)","decl":{"start":{"line":113,"column":17},"end":{"line":113,"column":18}},"loc":{"start":{"line":113,"column":23},"end":{"line":113,"column":45}},"line":113}},"branchMap":{"0":{"loc":{"start":{"line":65,"column":20},"end":{"line":65,"column":67}},"type":"cond-expr","locations":[{"start":{"line":65,"column":34},"end":{"line":65,"column":48}},{"start":{"line":65,"column":51},"end":{"line":65,"column":67}}],"line":65},"1":{"loc":{"start":{"line":66,"column":25},"end":{"line":66,"column":91}},"type":"cond-expr","locations":[{"start":{"line":66,"column":39},"end":{"line":66,"column":59}},{"start":{"line":66,"column":62},"end":{"line":66,"column":91}}],"line":66},"2":{"loc":{"start":{"line":71,"column":7},"end":{"line":77,"column":7}},"type":"binary-expr","locations":[{"start":{"line":71,"column":7},"end":{"line":71,"column":15}},{"start":{"line":72,"column":8},"end":{"line":76,"column":23}}],"line":71},"3":{"loc":{"start":{"line":87,"column":7},"end":{"line":108,"column":7}},"type":"cond-expr","locations":[{"start":{"line":88,"column":8},"end":{"line":90,"column":15}},{"start":{"line":91,"column":10},"end":{"line":108,"column":7}}],"line":87},"4":{"loc":{"start":{"line":91,"column":10},"end":{"line":108,"column":7}},"type":"cond-expr","locations":[{"start":{"line":92,"column":8},"end":{"line":96,"column":15}},{"start":{"line":98,"column":8},"end":{"line":107,"column":10}}],"line":91}},"s":{"0":0,"1":0,"2":0,"3":0,"4":0,"5":0,"6":0,"7":0,"8":0,"9":0,"10":0,"11":0,"12":0,"13":0,"14":0,"15":0,"16":0,"17":0,"18":0,"19":0,"20":0,"21":0,"22":0,"23":0,"24":0,"25":0},"f":{"0":0,"1":0,"2":0,"3":0,"4":0,"5":0,"6":0,"7":0,"8":0},"b":{"0":[0,0],"1":[0,0],"2":[0,0],"3":[0,0],"4":[0,0]}}
,"C:\\Users\\enoma\\Desktop\\opencode-work\\agent-works\\ai-job-scraper\\mobile\\src\\screens\\JobDetailScreen.tsx": {"path":"C:\\Users\\enoma\\Desktop\\opencode-work\\agent-works\\ai-job-scraper\\mobile\\src\\screens\\JobDetailScreen.tsx","statementMap":{"0":{"start":{"line":23,"column":16},"end":{"line":23,"column":26}},"1":{"start":{"line":24,"column":21},"end":{"line":24,"column":83}},"2":{"start":{"line":25,"column":16},"end":{"line":25,"column":26}},"3":{"start":{"line":26,"column":20},"end":{"line":26,"column":53}},"4":{"start":{"line":28,"column":24},"end":{"line":28,"column":56}},"5":{"start":{"line":29,"column":36},"end":{"line":29,"column":57}},"6":{"start":{"line":30,"column":34},"end":{"line":30,"column":47}},"7":{"start":{"line":32,"column":2},"end":{"line":34,"column":14}},"8":{"start":{"line":33,"column":4},"end":{"line":33,"column":14}},"9":{"start":{"line":36,"column":18},"end":{"line":40,"column":3}},"10":{"start":{"line":37,"column":17},"end":{"line":37,"column":36}},"11":{"start":{"line":38,"column":17},"end":{"line":38,"column":42}},"12":{"start":{"line":39,"column":4},"end":{"line":39,"column":27}},"13":{"start":{"line":39,"column":14},"end":{"line":39,"column":27}},"14":{"start":{"line":42,"column":24},"end":{"line":61,"column":3}},"15":{"start":{"line":43,"column":4},"end":{"line":43,"column":50}},"16":{"start":{"line":43,"column":43},"end":{"line":43,"column":50}},"17":{"start":{"line":45,"column":4},"end":{"line":45,"column":23}},"18":{"start":{"line":46,"column":4},"end":{"line":60,"column":5}},"19":{"start":{"line":47,"column":17},"end":{"line":47,"column":49}},"20":{"start":{"line":48,"column":21},"end":{"line":48,"column":68}},"21":{"start":{"line":50,"column":6},"end":{"line":53,"column":9}},"22":{"start":{"line":55,"column":6},"end":{"line":55,"column":22}},"23":{"start":{"line":57,"column":6},"end":{"line":57,"column":47}},"24":{"start":{"line":59,"column":6},"end":{"line":59,"column":26}},"25":{"start":{"line":63,"column":2},"end":{"line":63,"column":24}},"26":{"start":{"line":63,"column":12},"end":{"line":63,"column":24}},"27":{"start":{"line":65,"column":54},"end":{"line":73,"column":3}},"28":{"start":{"line":75,"column":54},"end":{"line":83,"column":3}},"29":{"start":{"line":85,"column":2},"end":{"line":181,"column":4}},"30":{"start":{"line":100,"column":31},"end":{"line":100,"column":81}},"31":{"start":{"line":150,"column":53},"end":{"line":150,"column":91}},"32":{"start":{"line":186,"column":15},"end":{"line":237,"column":2}},"33":{"start":{"line":239,"column":23},"end":{"line":263,"column":1}}},"fnMap":{"0":{"name":"JobDetailScreen","decl":{"start":{"line":22,"column":24},"end":{"line":22,"column":39}},"loc":{"start":{"line":22,"column":42},"end":{"line":182,"column":1}},"line":22},"1":{"name":"(anonymous_1)","decl":{"start":{"line":32,"column":18},"end":{"line":32,"column":19}},"loc":{"start":{"line":32,"column":24},"end":{"line":34,"column":3}},"line":32},"2":{"name":"(anonymous_2)","decl":{"start":{"line":36,"column":18},"end":{"line":36,"column":19}},"loc":{"start":{"line":36,"column":30},"end":{"line":40,"column":3}},"line":36},"3":{"name":"(anonymous_3)","decl":{"start":{"line":42,"column":24},"end":{"line":42,"column":25}},"loc":{"start":{"line":42,"column":36},"end":{"line":61,"column":3}},"line":42},"4":{"name":"(anonymous_4)","decl":{"start":{"line":100,"column":25},"end":{"line":100,"column":26}},"loc":{"start":{"line":100,"column":31},"end":{"line":100,"column":81}},"line":100},"5":{"name":"(anonymous_5)","decl":{"start":{"line":150,"column":42},"end":{"line":150,"column":43}},"loc":{"start":{"line":150,"column":53},"end":{"line":150,"column":91}},"line":150},"6":{"name":"(anonymous_6)","decl":{"start":{"line":173,"column":19},"end":{"line":173,"column":20}},"loc":{"start":{"line":173,"column":25},"end":{"line":173,"column":27}},"line":173}},"branchMap":{"0":{"loc":{"start":{"line":39,"column":4},"end":{"line":39,"column":27}},"type":"if","locations":[{"start":{"line":39,"column":4},"end":{"line":39,"column":27}},{"start":{},"end":{}}],"line":39},"1":{"loc":{"start":{"line":43,"column":4},"end":{"line":43,"column":50}},"type":"if","locations":[{"start":{"line":43,"column":4},"end":{"line":43,"column":50}},{"start":{},"end":{}}],"line":43},"2":{"loc":{"start":{"line":43,"column":8},"end":{"line":43,"column":41}},"type":"binary-expr","locations":[{"start":{"line":43,"column":8},"end":{"line":43,"column":12}},{"start":{"line":43,"column":16},"end":{"line":43,"column":41}}],"line":43},"3":{"loc":{"start":{"line":63,"column":2},"end":{"line":63,"column":24}},"type":"if","locations":[{"start":{"line":63,"column":2},"end":{"line":63,"column":24}},{"start":{},"end":{}}],"line":63},"4":{"loc":{"start":{"line":98,"column":22},"end":{"line":98,"column":64}},"type":"cond-expr","locations":[{"start":{"line":98,"column":39},"end":{"line":98,"column":46}},{"start":{"line":98,"column":49},"end":{"line":98,"column":64}}],"line":98},"5":{"loc":{"start":{"line":99,"column":27},"end":{"line":99,"column":74}},"type":"cond-expr","locations":[{"start":{"line":99,"column":44},"end":{"line":99,"column":62}},{"start":{"line":99,"column":65},"end":{"line":99,"column":74}}],"line":99},"6":{"loc":{"start":{"line":113,"column":11},"end":{"line":117,"column":11}},"type":"binary-expr","locations":[{"start":{"line":113,"column":11},"end":{"line":113,"column":23}},{"start":{"line":114,"column":12},"end":{"line":116,"column":19}}],"line":113},"7":{"loc":{"start":{"line":119,"column":11},"end":{"line":123,"column":11}},"type":"binary-expr","locations":[{"start":{"line":119,"column":11},"end":{"line":119,"column":21}},{"start":{"line":120,"column":12},"end":{"line":122,"column":19}}],"line":119},"8":{"loc":{"start":{"line":121,"column":18},"end":{"line":121,"column":57}},"type":"binary-expr","locations":[{"start":{"line":121,"column":18},"end":{"line":121,"column":50}},{"start":{"line":121,"column":54},"end":{"line":121,"column":57}}],"line":121},"9":{"loc":{"start":{"line":121,"column":62},"end":{"line":121,"column":101}},"type":"binary-expr","locations":[{"start":{"line":121,"column":62},"end":{"line":121,"column":94}},{"start":{"line":121,"column":98},"end":{"line":121,"column":101}}],"line":121},"10":{"loc":{"start":{"line":125,"column":11},"end":{"line":135,"column":11}},"type":"binary-expr","locations":[{"start":{"line":125,"column":11},"end":{"line":125,"column":36}},{"start":{"line":126,"column":12},"end":{"line":134,"column":19}}],"line":125},"11":{"loc":{"start":{"line":129,"column":25},"end":{"line":129,"column":139}},"type":"cond-expr","locations":[{"start":{"line":129,"column":50},"end":{"line":129,"column":70}},{"start":{"line":129,"column":73},"end":{"line":129,"column":139}}],"line":129},"12":{"loc":{"start":{"line":129,"column":73},"end":{"line":129,"column":139}},"type":"cond-expr","locations":[{"start":{"line":129,"column":98},"end":{"line":129,"column":118}},{"start":{"line":129,"column":121},"end":{"line":129,"column":139}}],"line":129},"13":{"loc":{"start":{"line":148,"column":7},"end":{"line":157,"column":7}},"type":"binary-expr","locations":[{"start":{"line":148,"column":7},"end":{"line":148,"column":21}},{"start":{"line":149,"column":8},"end":{"line":156,"column":15}}],"line":148},"14":{"loc":{"start":{"line":164,"column":20},"end":{"line":164,"column":58}},"type":"binary-expr","locations":[{"start":{"line":164,"column":20},"end":{"line":164,"column":29}},{"start":{"line":164,"column":33},"end":{"line":164,"column":58}}],"line":164},"15":{"loc":{"start":{"line":168,"column":11},"end":{"line":168,"column":44}},"type":"cond-expr","locations":[{"start":{"line":168,"column":28},"end":{"line":168,"column":34}},{"start":{"line":168,"column":37},"end":{"line":168,"column":44}}],"line":168}},"s":{"0":0,"1":0,"2":0,"3":0,"4":0,"5":0,"6":0,"7":0,"8":0,"9":0,"10":0,"11":0,"12":0,"13":0,"14":0,"15":0,"16":0,"17":0,"18":0,"19":0,"20":0,"21":0,"22":0,"23":0,"24":0,"25":0,"26":0,"27":0,"28":0,"29":0,"30":0,"31":0,"32":0,"33":0},"f":{"0":0,"1":0,"2":0,"3":0,"4":0,"5":0,"6":0},"b":{"0":[0,0],"1":[0,0],"2":[0,0],"3":[0,0],"4":[0,0],"5":[0,0],"6":[0,0],"7":[0,0],"8":[0,0],"9":[0,0],"10":[0,0],"11":[0,0],"12":[0,0],"13":[0,0],"14":[0,0],"15":[0,0]}}
,"C:\\Users\\enoma\\Desktop\\opencode-work\\agent-works\\ai-job-scraper\\mobile\\src\\screens\\JobsScreen.tsx": {"path":"C:\\Users\\enoma\\Desktop\\opencode-work\\agent-works\\ai-job-scraper\\mobile\\src\\screens\\JobsScreen.tsx","statementMap":{"0":{"start":{"line":23,"column":16},"end":{"line":23,"column":26}},"1":{"start":{"line":24,"column":21},"end":{"line":24,"column":83}},"2":{"start":{"line":25,"column":40},"end":{"line":25,"column":58}},"3":{"start":{"line":26,"column":44},"end":{"line":26,"column":65}},"4":{"start":{"line":27,"column":38},"end":{"line":27,"column":59}},"5":{"start":{"line":29,"column":62},"end":{"line":29,"column":75}},"6":{"start":{"line":31,"column":19},"end":{"line":42,"column":38}},"7":{"start":{"line":32,"column":4},"end":{"line":32,"column":23}},"8":{"start":{"line":33,"column":4},"end":{"line":41,"column":5}},"9":{"start":{"line":34,"column":19},"end":{"line":34,"column":38}},"10":{"start":{"line":35,"column":19},"end":{"line":35,"column":50}},"11":{"start":{"line":36,"column":6},"end":{"line":36,"column":20}},"12":{"start":{"line":38,"column":6},"end":{"line":38,"column":51}},"13":{"start":{"line":40,"column":6},"end":{"line":40,"column":26}},"14":{"start":{"line":44,"column":2},"end":{"line":46,"column":17}},"15":{"start":{"line":45,"column":4},"end":{"line":45,"column":15}},"16":{"start":{"line":48,"column":20},"end":{"line":52,"column":16}},"17":{"start":{"line":49,"column":4},"end":{"line":49,"column":24}},"18":{"start":{"line":50,"column":4},"end":{"line":50,"column":21}},"19":{"start":{"line":51,"column":4},"end":{"line":51,"column":25}},"20":{"start":{"line":54,"column":23},"end":{"line":63,"column":25}},"21":{"start":{"line":55,"column":4},"end":{"line":55,"column":26}},"22":{"start":{"line":56,"column":4},"end":{"line":62,"column":5}},"23":{"start":{"line":57,"column":19},"end":{"line":57,"column":38}},"24":{"start":{"line":58,"column":19},"end":{"line":58,"column":43}},"25":{"start":{"line":59,"column":6},"end":{"line":59,"column":20}},"26":{"start":{"line":61,"column":6},"end":{"line":61,"column":17}},"27":{"start":{"line":65,"column":20},"end":{"line":70,"column":18}},"28":{"start":{"line":66,"column":4},"end":{"line":69,"column":6}},"29":{"start":{"line":68,"column":21},"end":{"line":68,"column":73}},"30":{"start":{"line":72,"column":2},"end":{"line":137,"column":4}},"31":{"start":{"line":78,"column":25},"end":{"line":78,"column":47}},"32":{"start":{"line":116,"column":34},"end":{"line":116,"column":52}},"33":{"start":{"line":128,"column":23},"end":{"line":128,"column":54}},"34":{"start":{"line":134,"column":25},"end":{"line":134,"column":48}},"35":{"start":{"line":142,"column":15},"end":{"line":184,"column":2}}},"fnMap":{"0":{"name":"JobsScreen","decl":{"start":{"line":22,"column":24},"end":{"line":22,"column":34}},"loc":{"start":{"line":22,"column":37},"end":{"line":138,"column":1}},"line":22},"1":{"name":"(anonymous_1)","decl":{"start":{"line":31,"column":31},"end":{"line":31,"column":32}},"loc":{"start":{"line":31,"column":43},"end":{"line":42,"column":3}},"line":31},"2":{"name":"(anonymous_2)","decl":{"start":{"line":44,"column":12},"end":{"line":44,"column":13}},"loc":{"start":{"line":44,"column":18},"end":{"line":46,"column":3}},"line":44},"3":{"name":"(anonymous_3)","decl":{"start":{"line":48,"column":32},"end":{"line":48,"column":33}},"loc":{"start":{"line":48,"column":44},"end":{"line":52,"column":3}},"line":48},"4":{"name":"(anonymous_4)","decl":{"start":{"line":54,"column":35},"end":{"line":54,"column":36}},"loc":{"start":{"line":54,"column":60},"end":{"line":63,"column":3}},"line":54},"5":{"name":"(anonymous_5)","decl":{"start":{"line":65,"column":32},"end":{"line":65,"column":33}},"loc":{"start":{"line":66,"column":4},"end":{"line":69,"column":6}},"line":66},"6":{"name":"(anonymous_6)","decl":{"start":{"line":68,"column":15},"end":{"line":68,"column":16}},"loc":{"start":{"line":68,"column":21},"end":{"line":68,"column":73}},"line":68},"7":{"name":"(anonymous_7)","decl":{"start":{"line":78,"column":19},"end":{"line":78,"column":20}},"loc":{"start":{"line":78,"column":25},"end":{"line":78,"column":47}},"line":78},"8":{"name":"(anonymous_8)","decl":{"start":{"line":116,"column":24},"end":{"line":116,"column":25}},"loc":{"start":{"line":116,"column":34},"end":{"line":116,"column":52}},"line":116},"9":{"name":"(anonymous_9)","decl":{"start":{"line":128,"column":17},"end":{"line":128,"column":18}},"loc":{"start":{"line":128,"column":23},"end":{"line":128,"column":54}},"line":128},"10":{"name":"(anonymous_10)","decl":{"start":{"line":134,"column":19},"end":{"line":134,"column":20}},"loc":{"start":{"line":134,"column":25},"end":{"line":134,"column":48}},"line":134}},"branchMap":{"0":{"loc":{"start":{"line":56,"column":4},"end":{"line":62,"column":5}},"type":"if","locations":[{"start":{"line":56,"column":4},"end":{"line":62,"column":5}},{"start":{"line":60,"column":11},"end":{"line":62,"column":5}}],"line":56},"1":{"loc":{"start":{"line":90,"column":9},"end":{"line":94,"column":9}},"type":"binary-expr","locations":[{"start":{"line":90,"column":9},"end":{"line":90,"column":34}},{"start":{"line":91,"column":10},"end":{"line":93,"column":17}}],"line":90},"2":{"loc":{"start":{"line":95,"column":9},"end":{"line":99,"column":9}},"type":"binary-expr","locations":[{"start":{"line":95,"column":9},"end":{"line":95,"column":36}},{"start":{"line":96,"column":10},"end":{"line":98,"column":17}}],"line":95},"3":{"loc":{"start":{"line":102,"column":7},"end":{"line":123,"column":7}},"type":"cond-expr","locations":[{"start":{"line":103,"column":8},"end":{"line":105,"column":15}},{"start":{"line":106,"column":10},"end":{"line":123,"column":7}}],"line":102},"4":{"loc":{"start":{"line":106,"column":10},"end":{"line":123,"column":7}},"type":"cond-expr","locations":[{"start":{"line":107,"column":8},"end":{"line":111,"column":15}},{"start":{"line":113,"column":8},"end":{"line":122,"column":10}}],"line":106}},"s":{"0":0,"1":0,"2":0,"3":0,"4":0,"5":0,"6":0,"7":0,"8":0,"9":0,"10":0,"11":0,"12":0,"13":0,"14":0,"15":0,"16":0,"17":0,"18":0,"19":0,"20":0,"21":0,"22":0,"23":0,"24":0,"25":0,"26":0,"27":0,"28":0,"29":0,"30":0,"31":0,"32":0,"33":0,"34":0,"35":0},"f":{"0":0,"1":0,"2":0,"3":0,"4":0,"5":0,"6":0,"7":0,"8":0,"9":0,"10":0},"b":{"0":[0,0],"1":[0,0],"2":[0,0],"3":[0,0],"4":[0,0]}}
,"C:\\Users\\enoma\\Desktop\\opencode-work\\agent-works\\ai-job-scraper\\mobile\\src\\screens\\ScrapingScreen.tsx": {"path":"C:\\Users\\enoma\\Desktop\\opencode-work\\agent-works\\ai-job-scraper\\mobile\\src\\screens\\ScrapingScreen.tsx","statementMap":{"0":{"start":{"line":20,"column":16},"end":{"line":20,"column":26}},"1":{"start":{"line":21,"column":40},"end":{"line":21,"column":103}},"2":{"start":{"line":22,"column":34},"end":{"line":22,"column":66}},"3":{"start":{"line":23,"column":44},"end":{"line":23,"column":92}},"4":{"start":{"line":25,"column":104},"end":{"line":25,"column":117}},"5":{"start":{"line":27,"column":16},"end":{"line":32,"column":3}},"6":{"start":{"line":34,"column":23},"end":{"line":66,"column":3}},"7":{"start":{"line":35,"column":4},"end":{"line":35,"column":22}},"8":{"start":{"line":36,"column":4},"end":{"line":36,"column":25}},"9":{"start":{"line":37,"column":4},"end":{"line":37,"column":26}},"10":{"start":{"line":39,"column":4},"end":{"line":65,"column":5}},"11":{"start":{"line":40,"column":22},"end":{"line":40,"column":42}},"12":{"start":{"line":41,"column":20},"end":{"line":41,"column":79}},"13":{"start":{"line":41,"column":54},"end":{"line":41,"column":62}},"14":{"start":{"line":43,"column":6},"end":{"line":46,"column":7}},"15":{"start":{"line":43,"column":19},"end":{"line":43,"column":20}},"16":{"start":{"line":44,"column":8},"end":{"line":44,"column":65}},"17":{"start":{"line":44,"column":39},"end":{"line":44,"column":63}},"18":{"start":{"line":45,"column":8},"end":{"line":45,"column":35}},"19":{"start":{"line":48,"column":21},"end":{"line":52,"column":8}},"20":{"start":{"line":54,"column":6},"end":{"line":58,"column":9}},"21":{"start":{"line":60,"column":6},"end":{"line":60,"column":47}},"22":{"start":{"line":61,"column":6},"end":{"line":61,"column":62}},"23":{"start":{"line":63,"column":6},"end":{"line":63,"column":25}},"24":{"start":{"line":64,"column":6},"end":{"line":64,"column":27}},"25":{"start":{"line":68,"column":2},"end":{"line":171,"column":4}},"26":{"start":{"line":101,"column":14},"end":{"line":116,"column":21}},"27":{"start":{"line":105,"column":18},"end":{"line":109,"column":20}},"28":{"start":{"line":106,"column":20},"end":{"line":108,"column":42}},"29":{"start":{"line":107,"column":44},"end":{"line":107,"column":58}},"30":{"start":{"line":174,"column":15},"end":{"line":208,"column":2}}},"fnMap":{"0":{"name":"ScrapingScreen","decl":{"start":{"line":19,"column":24},"end":{"line":19,"column":38}},"loc":{"start":{"line":19,"column":41},"end":{"line":172,"column":1}},"line":19},"1":{"name":"(anonymous_1)","decl":{"start":{"line":34,"column":23},"end":{"line":34,"column":24}},"loc":{"start":{"line":34,"column":35},"end":{"line":66,"column":3}},"line":34},"2":{"name":"(anonymous_2)","decl":{"start":{"line":41,"column":47},"end":{"line":41,"column":48}},"loc":{"start":{"line":41,"column":54},"end":{"line":41,"column":62}},"line":41},"3":{"name":"(anonymous_3)","decl":{"start":{"line":44,"column":26},"end":{"line":44,"column":27}},"loc":{"start":{"line":44,"column":39},"end":{"line":44,"column":63}},"line":44},"4":{"name":"(anonymous_4)","decl":{"start":{"line":100,"column":23},"end":{"line":100,"column":24}},"loc":{"start":{"line":101,"column":14},"end":{"line":116,"column":21}},"line":101},"5":{"name":"(anonymous_5)","decl":{"start":{"line":104,"column":25},"end":{"line":104,"column":26}},"loc":{"start":{"line":104,"column":31},"end":{"line":110,"column":17}},"line":104},"6":{"name":"(anonymous_6)","decl":{"start":{"line":105,"column":35},"end":{"line":105,"column":36}},"loc":{"start":{"line":106,"column":20},"end":{"line":108,"column":42}},"line":106},"7":{"name":"(anonymous_7)","decl":{"start":{"line":107,"column":36},"end":{"line":107,"column":37}},"loc":{"start":{"line":107,"column":44},"end":{"line":107,"column":58}},"line":107}},"branchMap":{"0":{"loc":{"start":{"line":106,"column":20},"end":{"line":108,"column":42}},"type":"cond-expr","locations":[{"start":{"line":107,"column":24},"end":{"line":107,"column":59}},{"start":{"line":108,"column":24},"end":{"line":108,"column":42}}],"line":106},"1":{"loc":{"start":{"line":122,"column":7},"end":{"line":133,"column":7}},"type":"binary-expr","locations":[{"start":{"line":122,"column":7},"end":{"line":122,"column":17}},{"start":{"line":123,"column":8},"end":{"line":132,"column":15}}],"line":122},"2":{"loc":{"start":{"line":135,"column":7},"end":{"line":158,"column":7}},"type":"binary-expr","locations":[{"start":{"line":135,"column":7},"end":{"line":135,"column":19}},{"start":{"line":136,"column":8},"end":{"line":157,"column":15}}],"line":135},"3":{"loc":{"start":{"line":149,"column":13},"end":{"line":155,"column":13}},"type":"binary-expr","locations":[{"start":{"line":149,"column":13},"end":{"line":149,"column":36}},{"start":{"line":150,"column":14},"end":{"line":154,"column":21}}],"line":149},"4":{"loc":{"start":{"line":164,"column":18},"end":{"line":164,"column":58}},"type":"binary-expr","locations":[{"start":{"line":164,"column":18},"end":{"line":164,"column":28}},{"start":{"line":164,"column":32},"end":{"line":164,"column":58}}],"line":164},"5":{"loc":{"start":{"line":168,"column":9},"end":{"line":168,"column":39}},"type":"cond-expr","locations":[{"start":{"line":168,"column":22},"end":{"line":168,"column":30}},{"start":{"line":168,"column":33},"end":{"line":168,"column":39}}],"line":168}},"s":{"0":0,"1":0,"2":0,"3":0,"4":0,"5":0,"6":0,"7":0,"8":0,"9":0,"10":0,"11":0,"12":0,"13":0,"14":0,"15":0,"16":0,"17":0,"18":0,"19":0,"20":0,"21":0,"22":0,"23":0,"24":0,"25":0,"26":0,"27":0,"28":0,"29":0,"30":0},"f":{"0":0,"1":0,"2":0,"3":0,"4":0,"5":0,"6":0,"7":0},"b":{"0":[0,0],"1":[0,0],"2":[0,0],"3":[0,0],"4":[0,0],"5":[0,0]}}
,"C:\\Users\\enoma\\Desktop\\opencode-work\\agent-works\\ai-job-scraper\\mobile\\src\\screens\\SettingsScreen.tsx": {"path":"C:\\Users\\enoma\\Desktop\\opencode-work\\agent-works\\ai-job-scraper\\mobile\\src\\screens\\SettingsScreen.tsx","statementMap":{"0":{"start":{"line":18,"column":16},"end":{"line":18,"column":26}},"1":{"start":{"line":19,"column":66},"end":{"line":19,"column":79}},"2":{"start":{"line":20,"column":30},"end":{"line":20,"column":70}},"3":{"start":{"line":21,"column":28},"end":{"line":21,"column":67}},"4":{"start":{"line":23,"column":21},"end":{"line":31,"column":3}},"5":{"start":{"line":24,"column":4},"end":{"line":30,"column":7}},"6":{"start":{"line":33,"column":2},"end":{"line":140,"column":4}},"7":{"start":{"line":45,"column":31},"end":{"line":45,"column":79}},"8":{"start":{"line":47,"column":16},"end":{"line":50,"column":18}},"9":{"start":{"line":49,"column":44},"end":{"line":49,"column":78}},"10":{"start":{"line":63,"column":14},"end":{"line":74,"column":23}},"11":{"start":{"line":67,"column":18},"end":{"line":69,"column":20}},"12":{"start":{"line":107,"column":31},"end":{"line":107,"column":67}},"13":{"start":{"line":109,"column":16},"end":{"line":114,"column":18}},"14":{"start":{"line":112,"column":20},"end":{"line":112,"column":60}},"15":{"start":{"line":120,"column":31},"end":{"line":120,"column":67}},"16":{"start":{"line":122,"column":16},"end":{"line":127,"column":18}},"17":{"start":{"line":125,"column":20},"end":{"line":125,"column":57}},"18":{"start":{"line":143,"column":15},"end":{"line":177,"column":2}}},"fnMap":{"0":{"name":"SettingsScreen","decl":{"start":{"line":17,"column":24},"end":{"line":17,"column":38}},"loc":{"start":{"line":17,"column":41},"end":{"line":141,"column":1}},"line":17},"1":{"name":"(anonymous_1)","decl":{"start":{"line":23,"column":21},"end":{"line":23,"column":22}},"loc":{"start":{"line":23,"column":27},"end":{"line":31,"column":3}},"line":23},"2":{"name":"(anonymous_2)","decl":{"start":{"line":45,"column":20},"end":{"line":45,"column":21}},"loc":{"start":{"line":45,"column":31},"end":{"line":45,"column":79}},"line":45},"3":{"name":"(anonymous_3)","decl":{"start":{"line":46,"column":21},"end":{"line":46,"column":22}},"loc":{"start":{"line":47,"column":16},"end":{"line":50,"column":18}},"line":47},"4":{"name":"(anonymous_4)","decl":{"start":{"line":49,"column":33},"end":{"line":49,"column":34}},"loc":{"start":{"line":49,"column":44},"end":{"line":49,"column":78}},"line":49},"5":{"name":"(anonymous_5)","decl":{"start":{"line":62,"column":56},"end":{"line":62,"column":57}},"loc":{"start":{"line":63,"column":14},"end":{"line":74,"column":23}},"line":63},"6":{"name":"(anonymous_6)","decl":{"start":{"line":66,"column":25},"end":{"line":66,"column":26}},"loc":{"start":{"line":67,"column":18},"end":{"line":69,"column":20}},"line":67},"7":{"name":"(anonymous_7)","decl":{"start":{"line":107,"column":20},"end":{"line":107,"column":21}},"loc":{"start":{"line":107,"column":31},"end":{"line":107,"column":67}},"line":107},"8":{"name":"(anonymous_8)","decl":{"start":{"line":108,"column":21},"end":{"line":108,"column":22}},"loc":{"start":{"line":109,"column":16},"end":{"line":114,"column":18}},"line":109},"9":{"name":"(anonymous_9)","decl":{"start":{"line":111,"column":33},"end":{"line":111,"column":34}},"loc":{"start":{"line":112,"column":20},"end":{"line":112,"column":60}},"line":112},"10":{"name":"(anonymous_10)","decl":{"start":{"line":120,"column":20},"end":{"line":120,"column":21}},"loc":{"start":{"line":120,"column":31},"end":{"line":120,"column":67}},"line":120},"11":{"name":"(anonymous_11)","decl":{"start":{"line":121,"column":21},"end":{"line":121,"column":22}},"loc":{"start":{"line":122,"column":16},"end":{"line":127,"column":18}},"line":122},"12":{"name":"(anonymous_12)","decl":{"start":{"line":124,"column":33},"end":{"line":124,"column":34}},"loc":{"start":{"line":125,"column":20},"end":{"line":125,"column":57}},"line":125}},"branchMap":{"0":{"loc":{"start":{"line":49,"column":53},"end":{"line":49,"column":77}},"type":"cond-expr","locations":[{"start":{"line":49,"column":61},"end":{"line":49,"column":67}},{"start":{"line":49,"column":70},"end":{"line":49,"column":77}}],"line":49},"1":{"loc":{"start":{"line":65,"column":22},"end":{"line":65,"column":88}},"type":"cond-expr","locations":[{"start":{"line":65,"column":64},"end":{"line":65,"column":75}},{"start":{"line":65,"column":78},"end":{"line":65,"column":88}}],"line":65}},"s":{"0":0,"1":0,"2":0,"3":0,"4":0,"5":0,"6":0,"7":0,"8":0,"9":0,"10":0,"11":0,"12":0,"13":0,"14":0,"15":0,"16":0,"17":0,"18":0},"f":{"0":0,"1":0,"2":0,"3":0,"4":0,"5":0,"6":0,"7":0,"8":0,"9":0,"10":0,"11":0,"12":0},"b":{"0":[0,0],"1":[0,0]}}
,"C:\\Users\\enoma\\Desktop\\opencode-work\\agent-works\\ai-job-scraper\\mobile\\src\\services\\ai.ts": {"path":"C:\\Users\\enoma\\Desktop\\opencode-work\\agent-works\\ai-job-scraper\\mobile\\src\\services\\ai.ts","statementMap":{"0":{"start":{"line":8,"column":4},"end":{"line":8,"column":25}},"1":{"start":{"line":12,"column":44},"end":{"line":14,"column":5}},"2":{"start":{"line":16,"column":4},"end":{"line":18,"column":5}},"3":{"start":{"line":17,"column":6},"end":{"line":17,"column":64}},"4":{"start":{"line":20,"column":4},"end":{"line":24,"column":7}},"5":{"start":{"line":28,"column":4},"end":{"line":37,"column":5}},"6":{"start":{"line":30,"column":8},"end":{"line":30,"column":43}},"7":{"start":{"line":32,"column":8},"end":{"line":32,"column":48}},"8":{"start":{"line":34,"column":8},"end":{"line":34,"column":42}},"9":{"start":{"line":36,"column":8},"end":{"line":36,"column":18}},"10":{"start":{"line":46,"column":19},"end":{"line":53,"column":37}},"11":{"start":{"line":55,"column":21},"end":{"line":66,"column":6}},"12":{"start":{"line":68,"column":20},"end":{"line":68,"column":68}},"13":{"start":{"line":70,"column":4},"end":{"line":75,"column":6}},"14":{"start":{"line":79,"column":19},"end":{"line":85,"column":17}},"15":{"start":{"line":87,"column":21},"end":{"line":98,"column":6}},"16":{"start":{"line":100,"column":4},"end":{"line":100,"column":60}},"17":{"start":{"line":104,"column":18},"end":{"line":104,"column":49}},"18":{"start":{"line":105,"column":4},"end":{"line":105,"column":47}},"19":{"start":{"line":109,"column":24},"end":{"line":109,"column":72}},"20":{"start":{"line":110,"column":4},"end":{"line":112,"column":5}},"21":{"start":{"line":111,"column":6},"end":{"line":111,"column":99}},"22":{"start":{"line":111,"column":49},"end":{"line":111,"column":81}},"23":{"start":{"line":113,"column":4},"end":{"line":113,"column":14}},"24":{"start":{"line":117,"column":21},"end":{"line":117,"column":51}},"25":{"start":{"line":118,"column":4},"end":{"line":118,"column":46}},"26":{"start":{"line":141,"column":4},"end":{"line":146,"column":6}}},"fnMap":{"0":{"name":"(anonymous_0)","decl":{"start":{"line":7,"column":2},"end":{"line":7,"column":3}},"loc":{"start":{"line":7,"column":32},"end":{"line":9,"column":3}},"line":7},"1":{"name":"(anonymous_1)","decl":{"start":{"line":11,"column":2},"end":{"line":11,"column":3}},"loc":{"start":{"line":11,"column":22},"end":{"line":25,"column":3}},"line":11},"2":{"name":"(anonymous_2)","decl":{"start":{"line":27,"column":2},"end":{"line":27,"column":3}},"loc":{"start":{"line":27,"column":38},"end":{"line":38,"column":3}},"line":27},"3":{"name":"(anonymous_3)","decl":{"start":{"line":40,"column":2},"end":{"line":40,"column":3}},"loc":{"start":{"line":45,"column":5},"end":{"line":76,"column":3}},"line":45},"4":{"name":"(anonymous_4)","decl":{"start":{"line":78,"column":2},"end":{"line":78,"column":3}},"loc":{"start":{"line":78,"column":105},"end":{"line":101,"column":3}},"line":78},"5":{"name":"(anonymous_5)","decl":{"start":{"line":103,"column":2},"end":{"line":103,"column":3}},"loc":{"start":{"line":103,"column":53},"end":{"line":106,"column":3}},"line":103},"6":{"name":"(anonymous_6)","decl":{"start":{"line":108,"column":2},"end":{"line":108,"column":3}},"loc":{"start":{"line":108,"column":51},"end":{"line":114,"column":3}},"line":108},"7":{"name":"(anonymous_7)","decl":{"start":{"line":111,"column":44},"end":{"line":111,"column":45}},"loc":{"start":{"line":111,"column":49},"end":{"line":111,"column":81}},"line":111},"8":{"name":"(anonymous_8)","decl":{"start":{"line":116,"column":2},"end":{"line":116,"column":3}},"loc":{"start":{"line":116,"column":53},"end":{"line":119,"column":3}},"line":116},"9":{"name":"(anonymous_9)","decl":{"start":{"line":123,"column":2},"end":{"line":123,"column":3}},"loc":{"start":{"line":140,"column":5},"end":{"line":147,"column":3}},"line":140}},"branchMap":{"0":{"loc":{"start":{"line":16,"column":4},"end":{"line":18,"column":5}},"type":"if","locations":[{"start":{"line":16,"column":4},"end":{"line":18,"column":5}},{"start":{},"end":{}}],"line":16},"1":{"loc":{"start":{"line":21,"column":15},"end":{"line":21,"column":62}},"type":"binary-expr","locations":[{"start":{"line":21,"column":15},"end":{"line":21,"column":34}},{"start":{"line":21,"column":38},"end":{"line":21,"column":62}}],"line":21},"2":{"loc":{"start":{"line":28,"column":4},"end":{"line":37,"column":5}},"type":"switch","locations":[{"start":{"line":29,"column":6},"end":{"line":30,"column":43}},{"start":{"line":31,"column":6},"end":{"line":32,"column":48}},{"start":{"line":33,"column":6},"end":{"line":34,"column":42}},{"start":{"line":35,"column":6},"end":{"line":36,"column":18}}],"line":28},"3":{"loc":{"start":{"line":68,"column":20},"end":{"line":68,"column":68}},"type":"binary-expr","locations":[{"start":{"line":68,"column":20},"end":{"line":68,"column":62}},{"start":{"line":68,"column":66},"end":{"line":68,"column":68}}],"line":68},"4":{"loc":{"start":{"line":100,"column":11},"end":{"line":100,"column":59}},"type":"binary-expr","locations":[{"start":{"line":100,"column":11},"end":{"line":100,"column":53}},{"start":{"line":100,"column":57},"end":{"line":100,"column":59}}],"line":100},"5":{"loc":{"start":{"line":105,"column":11},"end":{"line":105,"column":46}},"type":"cond-expr","locations":[{"start":{"line":105,"column":19},"end":{"line":105,"column":41}},{"start":{"line":105,"column":44},"end":{"line":105,"column":46}}],"line":105},"6":{"loc":{"start":{"line":110,"column":4},"end":{"line":112,"column":5}},"type":"if","locations":[{"start":{"line":110,"column":4},"end":{"line":112,"column":5}},{"start":{},"end":{}}],"line":110},"7":{"loc":{"start":{"line":118,"column":11},"end":{"line":118,"column":45}},"type":"cond-expr","locations":[{"start":{"line":118,"column":22},"end":{"line":118,"column":40}},{"start":{"line":118,"column":43},"end":{"line":118,"column":45}}],"line":118}},"s":{"0":8,"1":0,"2":0,"3":0,"4":0,"5":3,"6":1,"7":1,"8":1,"9":0,"10":0,"11":0,"12":0,"13":0,"14":0,"15":0,"16":0,"17":2,"18":2,"19":1,"20":1,"21":1,"22":3,"23":0,"24":1,"25":1,"26":0},"f":{"0":8,"1":0,"2":3,"3":0,"4":0,"5":2,"6":1,"7":3,"8":1,"9":0},"b":{"0":[0,0],"1":[0,0],"2":[1,1,1,0],"3":[0,0],"4":[0,0],"5":[1,1],"6":[1,0],"7":[1,0]},"_coverageSchema":"1a1c01bbd47fc00a2c39e90264f33305004495a9","hash":"2e711ceb2bde161cdae367ec5b338760e6a379ca"}
,"C:\\Users\\enoma\\Desktop\\opencode-work\\agent-works\\ai-job-scraper\\mobile\\src\\services\\database.ts": {"path":"C:\\Users\\enoma\\Desktop\\opencode-work\\agent-works\\ai-job-scraper\\mobile\\src\\services\\database.ts","statementMap":{"0":{"start":{"line":6,"column":15},"end":{"line":6,"column":34}},"1":{"start":{"line":7,"column":17},"end":{"line":12,"column":5}},"2":{"start":{"line":13,"column":4},"end":{"line":13,"column":38}},"3":{"start":{"line":17,"column":15},"end":{"line":17,"column":34}},"4":{"start":{"line":18,"column":16},"end":{"line":24,"column":5}},"5":{"start":{"line":25,"column":4},"end":{"line":25,"column":46}},"6":{"start":{"line":29,"column":15},"end":{"line":29,"column":34}},"7":{"start":{"line":30,"column":33},"end":{"line":30,"column":35}},"8":{"start":{"line":31,"column":26},"end":{"line":31,"column":28}},"9":{"start":{"line":33,"column":4},"end":{"line":37,"column":5}},"10":{"start":{"line":34,"column":6},"end":{"line":34,"column":91}},"11":{"start":{"line":35,"column":20},"end":{"line":35,"column":46}},"12":{"start":{"line":36,"column":6},"end":{"line":36,"column":39}},"13":{"start":{"line":39,"column":4},"end":{"line":42,"column":5}},"14":{"start":{"line":40,"column":6},"end":{"line":40,"column":89}},"15":{"start":{"line":40,"column":70},"end":{"line":40,"column":73}},"16":{"start":{"line":41,"column":6},"end":{"line":41,"column":40}},"17":{"start":{"line":44,"column":4},"end":{"line":47,"column":5}},"18":{"start":{"line":45,"column":6},"end":{"line":45,"column":82}},"19":{"start":{"line":45,"column":63},"end":{"line":45,"column":66}},"20":{"start":{"line":46,"column":6},"end":{"line":46,"column":37}},"21":{"start":{"line":49,"column":4},"end":{"line":52,"column":5}},"22":{"start":{"line":50,"column":6},"end":{"line":50,"column":43}},"23":{"start":{"line":51,"column":6},"end":{"line":51,"column":46}},"24":{"start":{"line":54,"column":24},"end":{"line":54,"column":88}},"25":{"start":{"line":56,"column":17},"end":{"line":63,"column":5}},"26":{"start":{"line":65,"column":4},"end":{"line":65,"column":38}},"27":{"start":{"line":69,"column":15},"end":{"line":69,"column":34}},"28":{"start":{"line":70,"column":17},"end":{"line":79,"column":5}},"29":{"start":{"line":80,"column":4},"end":{"line":80,"column":38}},"30":{"start":{"line":84,"column":15},"end":{"line":84,"column":34}},"31":{"start":{"line":85,"column":19},"end":{"line":111,"column":5}},"32":{"start":{"line":112,"column":4},"end":{"line":112,"column":34}},"33":{"start":{"line":116,"column":15},"end":{"line":116,"column":34}},"34":{"start":{"line":117,"column":27},"end":{"line":117,"column":29}},"35":{"start":{"line":118,"column":26},"end":{"line":118,"column":28}},"36":{"start":{"line":120,"column":4},"end":{"line":120,"column":92}},"37":{"start":{"line":120,"column":39},"end":{"line":120,"column":62}},"38":{"start":{"line":120,"column":63},"end":{"line":120,"column":90}},"39":{"start":{"line":121,"column":4},"end":{"line":121,"column":110}},"40":{"start":{"line":121,"column":45},"end":{"line":121,"column":74}},"41":{"start":{"line":121,"column":75},"end":{"line":121,"column":108}},"42":{"start":{"line":122,"column":4},"end":{"line":122,"column":95}},"43":{"start":{"line":122,"column":40},"end":{"line":122,"column":64}},"44":{"start":{"line":122,"column":65},"end":{"line":122,"column":93}},"45":{"start":{"line":123,"column":4},"end":{"line":123,"column":116}},"46":{"start":{"line":123,"column":44},"end":{"line":123,"column":73}},"47":{"start":{"line":123,"column":74},"end":{"line":123,"column":114}},"48":{"start":{"line":124,"column":4},"end":{"line":124,"column":92}},"49":{"start":{"line":124,"column":39},"end":{"line":124,"column":62}},"50":{"start":{"line":124,"column":63},"end":{"line":124,"column":90}},"51":{"start":{"line":125,"column":4},"end":{"line":125,"column":108}},"52":{"start":{"line":125,"column":44},"end":{"line":125,"column":73}},"53":{"start":{"line":125,"column":74},"end":{"line":125,"column":106}},"54":{"start":{"line":126,"column":4},"end":{"line":126,"column":115}},"55":{"start":{"line":126,"column":46},"end":{"line":126,"column":78}},"56":{"start":{"line":126,"column":79},"end":{"line":126,"column":113}},"57":{"start":{"line":128,"column":4},"end":{"line":128,"column":48}},"58":{"start":{"line":129,"column":4},"end":{"line":129,"column":20}},"59":{"start":{"line":131,"column":4},"end":{"line":134,"column":6}},"60":{"start":{"line":138,"column":15},"end":{"line":138,"column":34}},"61":{"start":{"line":139,"column":4},"end":{"line":139,"column":61}},"62":{"start":{"line":150,"column":15},"end":{"line":150,"column":34}},"63":{"start":{"line":151,"column":16},"end":{"line":160,"column":5}},"64":{"start":{"line":161,"column":4},"end":{"line":168,"column":6}},"65":{"start":{"line":172,"column":4},"end":{"line":195,"column":6}},"66":{"start":{"line":201,"column":15},"end":{"line":201,"column":34}},"67":{"start":{"line":202,"column":17},"end":{"line":208,"column":5}},"68":{"start":{"line":209,"column":4},"end":{"line":209,"column":42}},"69":{"start":{"line":213,"column":15},"end":{"line":213,"column":34}},"70":{"start":{"line":214,"column":16},"end":{"line":221,"column":5}},"71":{"start":{"line":222,"column":4},"end":{"line":222,"column":50}},"72":{"start":{"line":226,"column":15},"end":{"line":226,"column":34}},"73":{"start":{"line":227,"column":19},"end":{"line":230,"column":5}},"74":{"start":{"line":231,"column":4},"end":{"line":231,"column":34}},"75":{"start":{"line":235,"column":15},"end":{"line":235,"column":34}},"76":{"start":{"line":236,"column":27},"end":{"line":236,"column":29}},"77":{"start":{"line":237,"column":26},"end":{"line":237,"column":28}},"78":{"start":{"line":239,"column":4},"end":{"line":239,"column":89}},"79":{"start":{"line":239,"column":38},"end":{"line":239,"column":60}},"80":{"start":{"line":239,"column":61},"end":{"line":239,"column":87}},"81":{"start":{"line":240,"column":4},"end":{"line":240,"column":86}},"82":{"start":{"line":240,"column":37},"end":{"line":240,"column":58}},"83":{"start":{"line":240,"column":59},"end":{"line":240,"column":84}},"84":{"start":{"line":241,"column":4},"end":{"line":241,"column":103}},"85":{"start":{"line":241,"column":40},"end":{"line":241,"column":64}},"86":{"start":{"line":241,"column":65},"end":{"line":241,"column":101}},"87":{"start":{"line":243,"column":4},"end":{"line":243,"column":20}},"88":{"start":{"line":244,"column":4},"end":{"line":247,"column":6}},"89":{"start":{"line":251,"column":15},"end":{"line":251,"column":34}},"90":{"start":{"line":252,"column":4},"end":{"line":252,"column":66}},"91":{"start":{"line":256,"column":4},"end":{"line":265,"column":6}}},"fnMap":{"0":{"name":"(anonymous_0)","decl":{"start":{"line":5,"column":2},"end":{"line":5,"column":3}},"loc":{"start":{"line":5,"column":33},"end":{"line":14,"column":3}},"line":5},"1":{"name":"(anonymous_1)","decl":{"start":{"line":16,"column":2},"end":{"line":16,"column":3}},"loc":{"start":{"line":16,"column":49},"end":{"line":26,"column":3}},"line":16},"2":{"name":"(anonymous_2)","decl":{"start":{"line":28,"column":2},"end":{"line":28,"column":3}},"loc":{"start":{"line":28,"column":56},"end":{"line":66,"column":3}},"line":28},"3":{"name":"(anonymous_3)","decl":{"start":{"line":40,"column":64},"end":{"line":40,"column":65}},"loc":{"start":{"line":40,"column":70},"end":{"line":40,"column":73}},"line":40},"4":{"name":"(anonymous_4)","decl":{"start":{"line":45,"column":57},"end":{"line":45,"column":58}},"loc":{"start":{"line":45,"column":63},"end":{"line":45,"column":66}},"line":45},"5":{"name":"(anonymous_5)","decl":{"start":{"line":68,"column":2},"end":{"line":68,"column":3}},"loc":{"start":{"line":68,"column":46},"end":{"line":81,"column":3}},"line":68},"6":{"name":"(anonymous_6)","decl":{"start":{"line":83,"column":2},"end":{"line":83,"column":3}},"loc":{"start":{"line":83,"column":82},"end":{"line":113,"column":3}},"line":83},"7":{"name":"(anonymous_7)","decl":{"start":{"line":115,"column":2},"end":{"line":115,"column":3}},"loc":{"start":{"line":115,"column":65},"end":{"line":135,"column":3}},"line":115},"8":{"name":"(anonymous_8)","decl":{"start":{"line":137,"column":2},"end":{"line":137,"column":3}},"loc":{"start":{"line":137,"column":42},"end":{"line":140,"column":3}},"line":137},"9":{"name":"(anonymous_9)","decl":{"start":{"line":142,"column":2},"end":{"line":142,"column":3}},"loc":{"start":{"line":149,"column":5},"end":{"line":169,"column":3}},"line":149},"10":{"name":"(anonymous_10)","decl":{"start":{"line":171,"column":2},"end":{"line":171,"column":3}},"loc":{"start":{"line":171,"column":37},"end":{"line":196,"column":3}},"line":171},"11":{"name":"(anonymous_11)","decl":{"start":{"line":200,"column":2},"end":{"line":200,"column":3}},"loc":{"start":{"line":200,"column":37},"end":{"line":210,"column":3}},"line":200},"12":{"name":"(anonymous_12)","decl":{"start":{"line":212,"column":2},"end":{"line":212,"column":3}},"loc":{"start":{"line":212,"column":53},"end":{"line":223,"column":3}},"line":212},"13":{"name":"(anonymous_13)","decl":{"start":{"line":225,"column":2},"end":{"line":225,"column":3}},"loc":{"start":{"line":225,"column":81},"end":{"line":232,"column":3}},"line":225},"14":{"name":"(anonymous_14)","decl":{"start":{"line":234,"column":2},"end":{"line":234,"column":3}},"loc":{"start":{"line":234,"column":69},"end":{"line":248,"column":3}},"line":234},"15":{"name":"(anonymous_15)","decl":{"start":{"line":250,"column":2},"end":{"line":250,"column":3}},"loc":{"start":{"line":250,"column":42},"end":{"line":253,"column":3}},"line":250},"16":{"name":"(anonymous_16)","decl":{"start":{"line":255,"column":2},"end":{"line":255,"column":3}},"loc":{"start":{"line":255,"column":45},"end":{"line":266,"column":3}},"line":255}},"branchMap":{"0":{"loc":{"start":{"line":25,"column":11},"end":{"line":25,"column":45}},"type":"cond-expr","locations":[{"start":{"line":25,"column":17},"end":{"line":25,"column":38}},{"start":{"line":25,"column":41},"end":{"line":25,"column":45}}],"line":25},"1":{"loc":{"start":{"line":33,"column":4},"end":{"line":37,"column":5}},"type":"if","locations":[{"start":{"line":33,"column":4},"end":{"line":37,"column":5}},{"start":{},"end":{}}],"line":33},"2":{"loc":{"start":{"line":39,"column":4},"end":{"line":42,"column":5}},"type":"if","locations":[{"start":{"line":39,"column":4},"end":{"line":42,"column":5}},{"start":{},"end":{}}],"line":39},"3":{"loc":{"start":{"line":44,"column":4},"end":{"line":47,"column":5}},"type":"if","locations":[{"start":{"line":44,"column":4},"end":{"line":47,"column":5}},{"start":{},"end":{}}],"line":44},"4":{"loc":{"start":{"line":49,"column":4},"end":{"line":52,"column":5}},"type":"if","locations":[{"start":{"line":49,"column":4},"end":{"line":52,"column":5}},{"start":{},"end":{}}],"line":49},"5":{"loc":{"start":{"line":51,"column":18},"end":{"line":51,"column":44}},"type":"cond-expr","locations":[{"start":{"line":51,"column":39},"end":{"line":51,"column":40}},{"start":{"line":51,"column":43},"end":{"line":51,"column":44}}],"line":51},"6":{"loc":{"start":{"line":54,"column":24},"end":{"line":54,"column":88}},"type":"cond-expr","locations":[{"start":{"line":54,"column":48},"end":{"line":54,"column":83}},{"start":{"line":54,"column":86},"end":{"line":54,"column":88}}],"line":54},"7":{"loc":{"start":{"line":101,"column":8},"end":{"line":101,"column":37}},"type":"binary-expr","locations":[{"start":{"line":101,"column":8},"end":{"line":101,"column":28}},{"start":{"line":101,"column":32},"end":{"line":101,"column":37}}],"line":101},"8":{"loc":{"start":{"line":102,"column":8},"end":{"line":102,"column":38}},"type":"binary-expr","locations":[{"start":{"line":102,"column":8},"end":{"line":102,"column":26}},{"start":{"line":102,"column":30},"end":{"line":102,"column":38}}],"line":102},"9":{"loc":{"start":{"line":104,"column":8},"end":{"line":104,"column":30}},"type":"cond-expr","locations":[{"start":{"line":104,"column":25},"end":{"line":104,"column":26}},{"start":{"line":104,"column":29},"end":{"line":104,"column":30}}],"line":104},"10":{"loc":{"start":{"line":120,"column":4},"end":{"line":120,"column":92}},"type":"if","locations":[{"start":{"line":120,"column":4},"end":{"line":120,"column":92}},{"start":{},"end":{}}],"line":120},"11":{"loc":{"start":{"line":121,"column":4},"end":{"line":121,"column":110}},"type":"if","locations":[{"start":{"line":121,"column":4},"end":{"line":121,"column":110}},{"start":{},"end":{}}],"line":121},"12":{"loc":{"start":{"line":122,"column":4},"end":{"line":122,"column":95}},"type":"if","locations":[{"start":{"line":122,"column":4},"end":{"line":122,"column":95}},{"start":{},"end":{}}],"line":122},"13":{"loc":{"start":{"line":123,"column":4},"end":{"line":123,"column":116}},"type":"if","locations":[{"start":{"line":123,"column":4},"end":{"line":123,"column":116}},{"start":{},"end":{}}],"line":123},"14":{"loc":{"start":{"line":123,"column":86},"end":{"line":123,"column":112}},"type":"cond-expr","locations":[{"start":{"line":123,"column":107},"end":{"line":123,"column":108}},{"start":{"line":123,"column":111},"end":{"line":123,"column":112}}],"line":123},"15":{"loc":{"start":{"line":124,"column":4},"end":{"line":124,"column":92}},"type":"if","locations":[{"start":{"line":124,"column":4},"end":{"line":124,"column":92}},{"start":{},"end":{}}],"line":124},"16":{"loc":{"start":{"line":125,"column":4},"end":{"line":125,"column":108}},"type":"if","locations":[{"start":{"line":125,"column":4},"end":{"line":125,"column":108}},{"start":{},"end":{}}],"line":125},"17":{"loc":{"start":{"line":126,"column":4},"end":{"line":126,"column":115}},"type":"if","locations":[{"start":{"line":126,"column":4},"end":{"line":126,"column":115}},{"start":{},"end":{}}],"line":126},"18":{"loc":{"start":{"line":162,"column":13},"end":{"line":162,"column":28}},"type":"binary-expr","locations":[{"start":{"line":162,"column":13},"end":{"line":162,"column":23}},{"start":{"line":162,"column":27},"end":{"line":162,"column":28}}],"line":162},"19":{"loc":{"start":{"line":163,"column":11},"end":{"line":163,"column":24}},"type":"binary-expr","locations":[{"start":{"line":163,"column":11},"end":{"line":163,"column":19}},{"start":{"line":163,"column":23},"end":{"line":163,"column":24}}],"line":163},"20":{"loc":{"start":{"line":164,"column":15},"end":{"line":164,"column":32}},"type":"binary-expr","locations":[{"start":{"line":164,"column":15},"end":{"line":164,"column":27}},{"start":{"line":164,"column":31},"end":{"line":164,"column":32}}],"line":164},"21":{"loc":{"start":{"line":165,"column":20},"end":{"line":165,"column":42}},"type":"binary-expr","locations":[{"start":{"line":165,"column":20},"end":{"line":165,"column":37}},{"start":{"line":165,"column":41},"end":{"line":165,"column":42}}],"line":165},"22":{"loc":{"start":{"line":166,"column":15},"end":{"line":166,"column":32}},"type":"binary-expr","locations":[{"start":{"line":166,"column":15},"end":{"line":166,"column":27}},{"start":{"line":166,"column":31},"end":{"line":166,"column":32}}],"line":166},"23":{"loc":{"start":{"line":167,"column":16},"end":{"line":167,"column":34}},"type":"binary-expr","locations":[{"start":{"line":167,"column":16},"end":{"line":167,"column":29}},{"start":{"line":167,"column":33},"end":{"line":167,"column":34}}],"line":167},"24":{"loc":{"start":{"line":175,"column":19},"end":{"line":175,"column":40}},"type":"binary-expr","locations":[{"start":{"line":175,"column":19},"end":{"line":175,"column":34}},{"start":{"line":175,"column":38},"end":{"line":175,"column":40}}],"line":175},"25":{"loc":{"start":{"line":177,"column":19},"end":{"line":177,"column":48}},"type":"binary-expr","locations":[{"start":{"line":177,"column":19},"end":{"line":177,"column":35}},{"start":{"line":177,"column":39},"end":{"line":177,"column":48}}],"line":177},"26":{"loc":{"start":{"line":178,"column":16},"end":{"line":178,"column":34}},"type":"binary-expr","locations":[{"start":{"line":178,"column":16},"end":{"line":178,"column":28}},{"start":{"line":178,"column":32},"end":{"line":178,"column":34}}],"line":178},"27":{"loc":{"start":{"line":179,"column":11},"end":{"line":179,"column":24}},"type":"binary-expr","locations":[{"start":{"line":179,"column":11},"end":{"line":179,"column":18}},{"start":{"line":179,"column":22},"end":{"line":179,"column":24}}],"line":179},"28":{"loc":{"start":{"line":180,"column":14},"end":{"line":185,"column":14}},"type":"cond-expr","locations":[{"start":{"line":180,"column":49},"end":{"line":185,"column":7}},{"start":{"line":185,"column":10},"end":{"line":185,"column":14}}],"line":180},"29":{"loc":{"start":{"line":180,"column":14},"end":{"line":180,"column":46}},"type":"binary-expr","locations":[{"start":{"line":180,"column":14},"end":{"line":180,"column":28}},{"start":{"line":180,"column":32},"end":{"line":180,"column":46}}],"line":180},"30":{"loc":{"start":{"line":183,"column":18},"end":{"line":183,"column":46}},"type":"binary-expr","locations":[{"start":{"line":183,"column":18},"end":{"line":183,"column":37}},{"start":{"line":183,"column":41},"end":{"line":183,"column":46}}],"line":183},"31":{"loc":{"start":{"line":184,"column":16},"end":{"line":184,"column":45}},"type":"binary-expr","locations":[{"start":{"line":184,"column":16},"end":{"line":184,"column":33}},{"start":{"line":184,"column":37},"end":{"line":184,"column":45}}],"line":184},"32":{"loc":{"start":{"line":188,"column":13},"end":{"line":188,"column":28}},"type":"binary-expr","locations":[{"start":{"line":188,"column":13},"end":{"line":188,"column":22}},{"start":{"line":188,"column":26},"end":{"line":188,"column":28}}],"line":188},"33":{"loc":{"start":{"line":194,"column":19},"end":{"line":194,"column":41}},"type":"binary-expr","locations":[{"start":{"line":194,"column":19},"end":{"line":194,"column":35}},{"start":{"line":194,"column":39},"end":{"line":194,"column":41}}],"line":194},"34":{"loc":{"start":{"line":222,"column":11},"end":{"line":222,"column":49}},"type":"cond-expr","locations":[{"start":{"line":222,"column":17},"end":{"line":222,"column":42}},{"start":{"line":222,"column":45},"end":{"line":222,"column":49}}],"line":222},"35":{"loc":{"start":{"line":229,"column":34},"end":{"line":229,"column":56}},"type":"cond-expr","locations":[{"start":{"line":229,"column":51},"end":{"line":229,"column":52}},{"start":{"line":229,"column":55},"end":{"line":229,"column":56}}],"line":229},"36":{"loc":{"start":{"line":239,"column":4},"end":{"line":239,"column":89}},"type":"if","locations":[{"start":{"line":239,"column":4},"end":{"line":239,"column":89}},{"start":{},"end":{}}],"line":239},"37":{"loc":{"start":{"line":240,"column":4},"end":{"line":240,"column":86}},"type":"if","locations":[{"start":{"line":240,"column":4},"end":{"line":240,"column":86}},{"start":{},"end":{}}],"line":240},"38":{"loc":{"start":{"line":241,"column":4},"end":{"line":241,"column":103}},"type":"if","locations":[{"start":{"line":241,"column":4},"end":{"line":241,"column":103}},{"start":{},"end":{}}],"line":241},"39":{"loc":{"start":{"line":241,"column":77},"end":{"line":241,"column":99}},"type":"cond-expr","locations":[{"start":{"line":241,"column":94},"end":{"line":241,"column":95}},{"start":{"line":241,"column":98},"end":{"line":241,"column":99}}],"line":241},"40":{"loc":{"start":{"line":259,"column":11},"end":{"line":259,"column":24}},"type":"binary-expr","locations":[{"start":{"line":259,"column":11},"end":{"line":259,"column":18}},{"start":{"line":259,"column":22},"end":{"line":259,"column":24}}],"line":259},"41":{"loc":{"start":{"line":261,"column":19},"end":{"line":261,"column":71}},"type":"cond-expr","locations":[{"start":{"line":261,"column":38},"end":{"line":261,"column":64}},{"start":{"line":261,"column":67},"end":{"line":261,"column":71}}],"line":261},"42":{"loc":{"start":{"line":262,"column":19},"end":{"line":262,"column":40}},"type":"binary-expr","locations":[{"start":{"line":262,"column":19},"end":{"line":262,"column":35}},{"start":{"line":262,"column":39},"end":{"line":262,"column":40}}],"line":262},"43":{"loc":{"start":{"line":263,"column":19},"end":{"line":263,"column":42}},"type":"binary-expr","locations":[{"start":{"line":263,"column":19},"end":{"line":263,"column":35}},{"start":{"line":263,"column":39},"end":{"line":263,"column":42}}],"line":263},"44":{"loc":{"start":{"line":264,"column":22},"end":{"line":264,"column":41}},"type":"binary-expr","locations":[{"start":{"line":264,"column":22},"end":{"line":264,"column":36}},{"start":{"line":264,"column":40},"end":{"line":264,"column":41}}],"line":264}},"s":{"0":0,"1":0,"2":0,"3":3,"4":3,"5":3,"6":0,"7":0,"8":0,"9":0,"10":0,"11":0,"12":0,"13":0,"14":0,"15":0,"16":0,"17":0,"18":0,"19":0,"20":0,"21":0,"22":0,"23":0,"24":0,"25":0,"26":0,"27":0,"28":0,"29":0,"30":6,"31":6,"32":6,"33":1,"34":1,"35":1,"36":1,"37":0,"38":0,"39":1,"40":0,"41":0,"42":1,"43":1,"44":1,"45":1,"46":0,"47":0,"48":1,"49":0,"50":0,"51":1,"52":0,"53":0,"54":1,"55":0,"56":0,"57":1,"58":1,"59":1,"60":1,"61":1,"62":1,"63":1,"64":1,"65":2,"66":1,"67":1,"68":1,"69":2,"70":2,"71":2,"72":5,"73":5,"74":5,"75":1,"76":1,"77":1,"78":1,"79":0,"80":0,"81":1,"82":0,"83":0,"84":1,"85":1,"86":1,"87":1,"88":1,"89":1,"90":1,"91":3},"f":{"0":0,"1":3,"2":0,"3":0,"4":0,"5":0,"6":6,"7":1,"8":1,"9":1,"10":2,"11":1,"12":2,"13":5,"14":1,"15":1,"16":3},"b":{"0":[2,1],"1":[0,0],"2":[0,0],"3":[0,0],"4":[0,0],"5":[0,0],"6":[0,0],"7":[6,5],"8":[6,5],"9":[1,5],"10":[0,1],"11":[0,1],"12":[1,0],"13":[0,1],"14":[0,0],"15":[0,1],"16":[0,1],"17":[0,1],"18":[1,0],"19":[1,0],"20":[1,0],"21":[1,1],"22":[1,1],"23":[1,0],"24":[2,0],"25":[2,0],"26":[2,0],"27":[2,0],"28":[0,2],"29":[2,2],"30":[0,0],"31":[0,0],"32":[2,2],"33":[2,0],"34":[1,1],"35":[4,1],"36":[0,1],"37":[0,1],"38":[1,0],"39":[0,1],"40":[3,3],"41":[0,3],"42":[3,3],"43":[3,3],"44":[3,3]},"_coverageSchema":"1a1c01bbd47fc00a2c39e90264f33305004495a9","hash":"3bac043e410d092f37a06c9e0d4b62e5dc47e0d4"}
}
