TN:
SF:src\components\FilterSheet.tsx
FN:30,FilterSheet
FN:54,(anonymous_1)
FN:58,(anonymous_2)
FN:60,(anonymous_3)
FN:74,(anonymous_4)
FN:78,(anonymous_5)
FN:80,(anonymous_6)
FN:96,(anonymous_7)
FN:110,(anonymous_8)
FNF:9
FNH:0
FNDA:0,FilterSheet
FNDA:0,(anonymous_1)
FNDA:0,(anonymous_2)
FNDA:0,(anonymous_3)
FNDA:0,(anonymous_4)
FNDA:0,(anonymous_5)
FNDA:0,(anonymous_6)
FNDA:0,(anonymous_7)
FNDA:0,(anonymous_8)
DA:20,0
DA:31,0
DA:32,0
DA:34,0
DA:55,0
DA:59,0
DA:60,0
DA:62,0
DA:75,0
DA:79,0
DA:80,0
DA:82,0
DA:97,0
DA:111,0
DA:136,0
LF:15
LH:0
BRDA:59,0,0,0
BRDA:59,0,1,0
BRDA:79,1,0,0
BRDA:79,1,1,0
BRDA:98,2,0,0
BRDA:98,2,1,0
BRDA:112,3,0,0
BRDA:112,3,1,0
BRF:8
BRH:0
end_of_record
TN:
SF:src\components\JobCard.tsx
FN:11,JobCard
FN:52,(anonymous_1)
FNF:2
FNH:1
FNDA:6,JobCard
FNDA:0,(anonymous_1)
DA:12,6
DA:14,6
DA:24,6
DA:34,6
DA:53,0
DA:120,1
LF:6
LH:5
BRDA:49,0,0,1
BRDA:49,0,1,5
BRDA:51,1,0,1
BRDA:51,1,1,5
BRDA:60,2,0,6
BRDA:60,2,1,6
BRDA:65,3,0,6
BRDA:65,3,1,5
BRDA:67,4,0,5
BRDA:67,4,1,0
BRDA:67,5,0,5
BRDA:67,5,1,0
BRDA:84,6,0,6
BRDA:84,6,1,6
BRDA:88,7,0,6
BRDA:88,7,1,0
BRDA:90,8,0,0
BRDA:90,8,1,0
BRDA:98,9,0,6
BRDA:98,9,1,0
BRDA:100,10,0,0
BRDA:100,10,1,0
BRF:22
BRH:14
end_of_record
TN:
SF:src\navigation\index.tsx
FN:31,MainTabs
FN:58,(anonymous_1)
FN:68,(anonymous_2)
FN:78,(anonymous_3)
FN:88,(anonymous_4)
FN:97,AppNavigator
FNF:6
FNH:0
FNDA:0,MainTabs
FNDA:0,(anonymous_1)
FNDA:0,(anonymous_2)
FNDA:0,(anonymous_3)
FNDA:0,(anonymous_4)
FNDA:0,AppNavigator
DA:28,0
DA:29,0
DA:32,0
DA:34,0
DA:59,0
DA:69,0
DA:79,0
DA:89,0
DA:98,0
LF:9
LH:0
BRF:0
BRH:0
end_of_record
TN:
SF:src\screens\AnalyticsScreen.tsx
FN:17,AnalyticsScreen
FN:30,(anonymous_1)
FN:34,(anonymous_2)
FN:89,(anonymous_3)
FN:96,(anonymous_4)
FN:97,(anonymous_5)
FNF:6
FNH:0
FNDA:0,AnalyticsScreen
FNDA:0,(anonymous_1)
FNDA:0,(anonymous_2)
FNDA:0,(anonymous_3)
FNDA:0,(anonymous_4)
FNDA:0,(anonymous_5)
DA:15,0
DA:18,0
DA:19,0
DA:28,0
DA:30,0
DA:31,0
DA:34,0
DA:35,0
DA:36,0
DA:37,0
DA:38,0
DA:40,0
DA:42,0
DA:46,0
DA:47,0
DA:54,0
DA:55,0
DA:64,0
DA:89,0
DA:91,0
DA:96,0
DA:97,0
DA:108,0
DA:175,0
LF:24
LH:0
BRDA:46,0,0,0
BRDA:46,0,1,0
BRDA:54,1,0,0
BRDA:54,1,1,0
BRDA:54,2,0,0
BRDA:54,2,1,0
BRDA:152,3,0,0
BRDA:152,3,1,0
BRF:8
BRH:0
end_of_record
TN:
SF:src\screens\CompaniesScreen.tsx
FN:18,CompaniesScreen
FN:25,(anonymous_1)
FN:38,(anonymous_2)
FN:42,(anonymous_3)
FN:48,(anonymous_4)
FN:53,(anonymous_5)
FN:61,(anonymous_6)
FN:101,(anonymous_7)
FN:113,(anonymous_8)
FNF:9
FNH:0
FNDA:0,CompaniesScreen
FNDA:0,(anonymous_1)
FNDA:0,(anonymous_2)
FNDA:0,(anonymous_3)
FNDA:0,(anonymous_4)
FNDA:0,(anonymous_5)
FNDA:0,(anonymous_6)
FNDA:0,(anonymous_7)
FNDA:0,(anonymous_8)
DA:19,0
DA:20,0
DA:21,0
DA:23,0
DA:25,0
DA:26,0
DA:27,0
DA:28,0
DA:29,0
DA:30,0
DA:32,0
DA:34,0
DA:38,0
DA:39,0
DA:42,0
DA:43,0
DA:44,0
DA:45,0
DA:48,0
DA:49,0
DA:54,0
DA:62,0
DA:81,0
DA:101,0
DA:113,0
DA:122,0
LF:26
LH:0
BRDA:65,0,0,0
BRDA:65,0,1,0
BRDA:66,1,0,0
BRDA:66,1,1,0
BRDA:71,2,0,0
BRDA:71,2,1,0
BRDA:87,3,0,0
BRDA:87,3,1,0
BRDA:91,4,0,0
BRDA:91,4,1,0
BRF:10
BRH:0
end_of_record
TN:
SF:src\screens\JobDetailScreen.tsx
FN:22,JobDetailScreen
FN:32,(anonymous_1)
FN:36,(anonymous_2)
FN:42,(anonymous_3)
FN:100,(anonymous_4)
FN:150,(anonymous_5)
FN:173,(anonymous_6)
FNF:7
FNH:0
FNDA:0,JobDetailScreen
FNDA:0,(anonymous_1)
FNDA:0,(anonymous_2)
FNDA:0,(anonymous_3)
FNDA:0,(anonymous_4)
FNDA:0,(anonymous_5)
FNDA:0,(anonymous_6)
DA:23,0
DA:24,0
DA:25,0
DA:26,0
DA:28,0
DA:29,0
DA:30,0
DA:32,0
DA:33,0
DA:36,0
DA:37,0
DA:38,0
DA:39,0
DA:42,0
DA:43,0
DA:45,0
DA:46,0
DA:47,0
DA:48,0
DA:50,0
DA:55,0
DA:57,0
DA:59,0
DA:63,0
DA:65,0
DA:75,0
DA:85,0
DA:100,0
DA:150,0
DA:186,0
DA:239,0
LF:31
LH:0
BRDA:39,0,0,0
BRDA:39,0,1,0
BRDA:43,1,0,0
BRDA:43,1,1,0
BRDA:43,2,0,0
BRDA:43,2,1,0
BRDA:63,3,0,0
BRDA:63,3,1,0
BRDA:98,4,0,0
BRDA:98,4,1,0
BRDA:99,5,0,0
BRDA:99,5,1,0
BRDA:113,6,0,0
BRDA:113,6,1,0
BRDA:119,7,0,0
BRDA:119,7,1,0
BRDA:121,8,0,0
BRDA:121,8,1,0
BRDA:121,9,0,0
BRDA:121,9,1,0
BRDA:125,10,0,0
BRDA:125,10,1,0
BRDA:129,11,0,0
BRDA:129,11,1,0
BRDA:129,12,0,0
BRDA:129,12,1,0
BRDA:148,13,0,0
BRDA:148,13,1,0
BRDA:164,14,0,0
BRDA:164,14,1,0
BRDA:168,15,0,0
BRDA:168,15,1,0
BRF:32
BRH:0
end_of_record
TN:
SF:src\screens\JobsScreen.tsx
FN:22,JobsScreen
FN:31,(anonymous_1)
FN:44,(anonymous_2)
FN:48,(anonymous_3)
FN:54,(anonymous_4)
FN:65,(anonymous_5)
FN:68,(anonymous_6)
FN:78,(anonymous_7)
FN:116,(anonymous_8)
FN:128,(anonymous_9)
FN:134,(anonymous_10)
FNF:11
FNH:0
FNDA:0,JobsScreen
FNDA:0,(anonymous_1)
FNDA:0,(anonymous_2)
FNDA:0,(anonymous_3)
FNDA:0,(anonymous_4)
FNDA:0,(anonymous_5)
FNDA:0,(anonymous_6)
FNDA:0,(anonymous_7)
FNDA:0,(anonymous_8)
FNDA:0,(anonymous_9)
FNDA:0,(anonymous_10)
DA:23,0
DA:24,0
DA:25,0
DA:26,0
DA:27,0
DA:29,0
DA:31,0
DA:32,0
DA:33,0
DA:34,0
DA:35,0
DA:36,0
DA:38,0
DA:40,0
DA:44,0
DA:45,0
DA:48,0
DA:49,0
DA:50,0
DA:51,0
DA:54,0
DA:55,0
DA:56,0
DA:57,0
DA:58,0
DA:59,0
DA:61,0
DA:65,0
DA:66,0
DA:68,0
DA:72,0
DA:78,0
DA:116,0
DA:128,0
DA:134,0
DA:142,0
LF:36
LH:0
BRDA:56,0,0,0
BRDA:56,0,1,0
BRDA:90,1,0,0
BRDA:90,1,1,0
BRDA:95,2,0,0
BRDA:95,2,1,0
BRDA:102,3,0,0
BRDA:102,3,1,0
BRDA:106,4,0,0
BRDA:106,4,1,0
BRF:10
BRH:0
end_of_record
TN:
SF:src\screens\ScrapingScreen.tsx
FN:19,ScrapingScreen
FN:34,(anonymous_1)
FN:41,(anonymous_2)
FN:44,(anonymous_3)
FN:100,(anonymous_4)
FN:104,(anonymous_5)
FN:105,(anonymous_6)
FN:107,(anonymous_7)
FNF:8
FNH:0
FNDA:0,ScrapingScreen
FNDA:0,(anonymous_1)
FNDA:0,(anonymous_2)
FNDA:0,(anonymous_3)
FNDA:0,(anonymous_4)
FNDA:0,(anonymous_5)
FNDA:0,(anonymous_6)
FNDA:0,(anonymous_7)
DA:20,0
DA:21,0
DA:22,0
DA:23,0
DA:25,0
DA:27,0
DA:34,0
DA:35,0
DA:36,0
DA:37,0
DA:39,0
DA:40,0
DA:41,0
DA:43,0
DA:44,0
DA:45,0
DA:48,0
DA:54,0
DA:60,0
DA:61,0
DA:63,0
DA:64,0
DA:68,0
DA:101,0
DA:105,0
DA:106,0
DA:107,0
DA:174,0
LF:28
LH:0
BRDA:106,0,0,0
BRDA:106,0,1,0
BRDA:122,1,0,0
BRDA:122,1,1,0
BRDA:135,2,0,0
BRDA:135,2,1,0
BRDA:149,3,0,0
BRDA:149,3,1,0
BRDA:164,4,0,0
BRDA:164,4,1,0
BRDA:168,5,0,0
BRDA:168,5,1,0
BRF:12
BRH:0
end_of_record
TN:
SF:src\screens\SettingsScreen.tsx
FN:17,SettingsScreen
FN:23,(anonymous_1)
FN:45,(anonymous_2)
FN:46,(anonymous_3)
FN:49,(anonymous_4)
FN:62,(anonymous_5)
FN:66,(anonymous_6)
FN:107,(anonymous_7)
FN:108,(anonymous_8)
FN:111,(anonymous_9)
FN:120,(anonymous_10)
FN:121,(anonymous_11)
FN:124,(anonymous_12)
FNF:13
FNH:0
FNDA:0,SettingsScreen
FNDA:0,(anonymous_1)
FNDA:0,(anonymous_2)
FNDA:0,(anonymous_3)
FNDA:0,(anonymous_4)
FNDA:0,(anonymous_5)
FNDA:0,(anonymous_6)
FNDA:0,(anonymous_7)
FNDA:0,(anonymous_8)
FNDA:0,(anonymous_9)
FNDA:0,(anonymous_10)
FNDA:0,(anonymous_11)
FNDA:0,(anonymous_12)
DA:18,0
DA:19,0
DA:20,0
DA:21,0
DA:23,0
DA:24,0
DA:33,0
DA:45,0
DA:47,0
DA:49,0
DA:63,0
DA:67,0
DA:107,0
DA:109,0
DA:112,0
DA:120,0
DA:122,0
DA:125,0
DA:143,0
LF:19
LH:0
BRDA:49,0,0,0
BRDA:49,0,1,0
BRDA:65,1,0,0
BRDA:65,1,1,0
BRF:4
BRH:0
end_of_record
TN:
SF:src\services\ai.ts
FN:7,(anonymous_0)
FN:11,(anonymous_1)
FN:27,(anonymous_2)
FN:40,(anonymous_3)
FN:78,(anonymous_4)
FN:103,(anonymous_5)
FN:108,(anonymous_6)
FN:111,(anonymous_7)
FN:116,(anonymous_8)
FN:123,(anonymous_9)
FNF:10
FNH:6
FNDA:8,(anonymous_0)
FNDA:0,(anonymous_1)
FNDA:3,(anonymous_2)
FNDA:0,(anonymous_3)
FNDA:0,(anonymous_4)
FNDA:2,(anonymous_5)
FNDA:1,(anonymous_6)
FNDA:3,(anonymous_7)
FNDA:1,(anonymous_8)
FNDA:0,(anonymous_9)
DA:8,8
DA:12,0
DA:16,0
DA:17,0
DA:20,0
DA:28,3
DA:30,1
DA:32,1
DA:34,1
DA:36,0
DA:46,0
DA:55,0
DA:68,0
DA:70,0
DA:79,0
DA:87,0
DA:100,0
DA:104,2
DA:105,2
DA:109,1
DA:110,1
DA:111,3
DA:113,0
DA:117,1
DA:118,1
DA:141,0
LF:26
LH:12
BRDA:16,0,0,0
BRDA:16,0,1,0
BRDA:21,1,0,0
BRDA:21,1,1,0
BRDA:28,2,0,1
BRDA:28,2,1,1
BRDA:28,2,2,1
BRDA:28,2,3,0
BRDA:68,3,0,0
BRDA:68,3,1,0
BRDA:100,4,0,0
BRDA:100,4,1,0
BRDA:105,5,0,1
BRDA:105,5,1,1
BRDA:110,6,0,1
BRDA:110,6,1,0
BRDA:118,7,0,1
BRDA:118,7,1,0
BRF:18
BRH:7
end_of_record
TN:
SF:src\services\database.ts
FN:5,(anonymous_0)
FN:16,(anonymous_1)
FN:28,(anonymous_2)
FN:40,(anonymous_3)
FN:45,(anonymous_4)
FN:68,(anonymous_5)
FN:83,(anonymous_6)
FN:115,(anonymous_7)
FN:137,(anonymous_8)
FN:142,(anonymous_9)
FN:171,(anonymous_10)
FN:200,(anonymous_11)
FN:212,(anonymous_12)
FN:225,(anonymous_13)
FN:234,(anonymous_14)
FN:250,(anonymous_15)
FN:255,(anonymous_16)
FNF:17
FNH:12
FNDA:0,(anonymous_0)
FNDA:3,(anonymous_1)
FNDA:0,(anonymous_2)
FNDA:0,(anonymous_3)
FNDA:0,(anonymous_4)
FNDA:0,(anonymous_5)
FNDA:6,(anonymous_6)
FNDA:1,(anonymous_7)
FNDA:1,(anonymous_8)
FNDA:1,(anonymous_9)
FNDA:2,(anonymous_10)
FNDA:1,(anonymous_11)
FNDA:2,(anonymous_12)
FNDA:5,(anonymous_13)
FNDA:1,(anonymous_14)
FNDA:1,(anonymous_15)
FNDA:3,(anonymous_16)
DA:6,0
DA:7,0
DA:13,0
DA:17,3
DA:18,3
DA:25,3
DA:29,0
DA:30,0
DA:31,0
DA:33,0
DA:34,0
DA:35,0
DA:36,0
DA:39,0
DA:40,0
DA:41,0
DA:44,0
DA:45,0
DA:46,0
DA:49,0
DA:50,0
DA:51,0
DA:54,0
DA:56,0
DA:65,0
DA:69,0
DA:70,0
DA:80,0
DA:84,6
DA:85,6
DA:112,6
DA:116,1
DA:117,1
DA:118,1
DA:120,1
DA:121,1
DA:122,1
DA:123,1
DA:124,1
DA:125,1
DA:126,1
DA:128,1
DA:129,1
DA:131,1
DA:138,1
DA:139,1
DA:150,1
DA:151,1
DA:161,1
DA:172,2
DA:201,1
DA:202,1
DA:209,1
DA:213,2
DA:214,2
DA:222,2
DA:226,5
DA:227,5
DA:231,5
DA:235,1
DA:236,1
DA:237,1
DA:239,1
DA:240,1
DA:241,1
DA:243,1
DA:244,1
DA:251,1
DA:252,1
DA:256,3
LF:70
LH:45
BRDA:25,0,0,2
BRDA:25,0,1,1
BRDA:33,1,0,0
BRDA:33,1,1,0
BRDA:39,2,0,0
BRDA:39,2,1,0
BRDA:44,3,0,0
BRDA:44,3,1,0
BRDA:49,4,0,0
BRDA:49,4,1,0
BRDA:51,5,0,0
BRDA:51,5,1,0
BRDA:54,6,0,0
BRDA:54,6,1,0
BRDA:101,7,0,6
BRDA:101,7,1,5
BRDA:102,8,0,6
BRDA:102,8,1,5
BRDA:104,9,0,1
BRDA:104,9,1,5
BRDA:120,10,0,0
BRDA:120,10,1,1
BRDA:121,11,0,0
BRDA:121,11,1,1
BRDA:122,12,0,1
BRDA:122,12,1,0
BRDA:123,13,0,0
BRDA:123,13,1,1
BRDA:123,14,0,0
BRDA:123,14,1,0
BRDA:124,15,0,0
BRDA:124,15,1,1
BRDA:125,16,0,0
BRDA:125,16,1,1
BRDA:126,17,0,0
BRDA:126,17,1,1
BRDA:162,18,0,1
BRDA:162,18,1,0
BRDA:163,19,0,1
BRDA:163,19,1,0
BRDA:164,20,0,1
BRDA:164,20,1,0
BRDA:165,21,0,1
BRDA:165,21,1,1
BRDA:166,22,0,1
BRDA:166,22,1,1
BRDA:167,23,0,1
BRDA:167,23,1,0
BRDA:175,24,0,2
BRDA:175,24,1,0
BRDA:177,25,0,2
BRDA:177,25,1,0
BRDA:178,26,0,2
BRDA:178,26,1,0
BRDA:179,27,0,2
BRDA:179,27,1,0
BRDA:180,28,0,0
BRDA:180,28,1,2
BRDA:180,29,0,2
BRDA:180,29,1,2
BRDA:183,30,0,0
BRDA:183,30,1,0
BRDA:184,31,0,0
BRDA:184,31,1,0
BRDA:188,32,0,2
BRDA:188,32,1,2
BRDA:194,33,0,2
BRDA:194,33,1,0
BRDA:222,34,0,1
BRDA:222,34,1,1
BRDA:229,35,0,4
BRDA:229,35,1,1
BRDA:239,36,0,0
BRDA:239,36,1,1
BRDA:240,37,0,0
BRDA:240,37,1,1
BRDA:241,38,0,1
BRDA:241,38,1,0
BRDA:241,39,0,0
BRDA:241,39,1,1
BRDA:259,40,0,3
BRDA:259,40,1,3
BRDA:261,41,0,0
BRDA:261,41,1,3
BRDA:262,42,0,3
BRDA:262,42,1,3
BRDA:263,43,0,3
BRDA:263,43,1,3
BRDA:264,44,0,3
BRDA:264,44,1,3
BRF:90
BRH:50
end_of_record
